#
# There is insufficient memory for the Java Runtime Environment to continue.
# Native memory allocation (mmap) failed to map 47185920 bytes for Failed to commit area from 0x000000008b900000 to 0x000000008e600000 of length 47185920.
# Possible reasons:
#   The system is out of physical RAM or swap space
#   The process is running with CompressedOops enabled, and the Java Heap may be blocking the growth of the native heap
# Possible solutions:
#   Reduce memory load on the system
#   Increase physical memory or swap space
#   Check if swap backing store is full
#   Decrease Java heap size (-Xmx/-Xms)
#   Decrease number of Java threads
#   Decrease Java thread stack sizes (-Xss)
#   Set larger code cache with -XX:ReservedCodeCacheSize=
#   JVM is running with Unscaled Compressed Oops mode in which the Java heap is
#     placed in the first 4GB address space. The Java Heap base address is the
#     maximum limit for the native heap growth. Please use -XX:HeapBaseMinAddress
#     to set the Java Heap base and to place the Java Heap above 4GB virtual address.
# This output file may be truncated or incomplete.
#
#  Out of Memory Error (./src/hotspot/os/windows/os_windows.cpp:3619), pid=14988, tid=1732
#
# JRE version: OpenJDK Runtime Environment (11.0.13) (build 11.0.13+0-b1751.21-8125866)
# Java VM: OpenJDK 64-Bit Server VM (11.0.13+0-b1751.21-8125866, mixed mode, tiered, compressed oops, g1 gc, windows-amd64)
# No core dump will be written. Minidumps are not enabled by default on client versions of Windows
#

---------------  S U M M A R Y ------------

Command Line: --add-opens=java.base/java.util=ALL-UNNAMED --add-opens=java.base/java.lang=ALL-UNNAMED --add-opens=java.base/java.lang.invoke=ALL-UNNAMED --add-opens=java.base/java.util=ALL-UNNAMED --add-opens=java.prefs/java.util.prefs=ALL-UNNAMED --add-opens=java.prefs/java.util.prefs=ALL-UNNAMED --add-opens=java.base/java.nio.charset=ALL-UNNAMED --add-opens=java.base/java.net=ALL-UNNAMED --add-opens=java.base/java.util.concurrent.atomic=ALL-UNNAMED -Xmx2048m -Dfile.encoding=UTF-8 -Duser.country=US -Duser.language=en -Duser.variant org.gradle.launcher.daemon.bootstrap.GradleDaemon 7.0.2

Host: Intel(R) Core(TM) i5-5300U CPU @ 2.30GHz, 4 cores, 7G,  Windows 11 , 64 bit Build 22621 (10.0.22621.1194)
Time: Sun Feb 19 10:40:34 2023 E. Africa Standard Time elapsed time: 41.861630 seconds (0d 0h 0m 41s)

---------------  T H R E A D  ---------------

Current thread (0x000001d6d2d7a000):  VMThread "VM Thread" [stack: 0x0000004615e00000,0x0000004615f00000] [id=1732]

Stack: [0x0000004615e00000,0x0000004615f00000]
[error occurred during error reporting (printing stack bounds), id 0xc0000005, EXCEPTION_ACCESS_VIOLATION (0xc0000005) at pc=0x000001d6bcc8112d]

Native frames: (J=compiled Java code, j=interpreted, Vv=VM code, C=native code)
V  [jvm.dll+0x6100fa]
V  [jvm.dll+0x747090]
V  [jvm.dll+0x7486ad]
V  [jvm.dll+0x748ce5]
V  [jvm.dll+0x748c9b]
V  [jvm.dll+0x60f224]
V  [jvm.dll+0x60f9b8]
C  [ntdll.dll+0xa3eaf]
C  [ntdll.dll+0x1eae6]
C  [ntdll.dll+0xa2e9e]
C  0x000001d6bcc8112d

VM_Operation (0x00000046171f37e0): G1CollectForAllocation, mode: safepoint, requested by thread 0x000001d6d6a1a800


---------------  P R O C E S S  ---------------

Threads class SMR info:
_java_thread_list=0x000001d6dae91ca0, length=44, elements={
0x000001d6b916a800, 0x000001d6d2d7e000, 0x000001d6d2d88800, 0x000001d6d3704800,
0x000001d6d3705800, 0x000001d6d3709800, 0x000001d6d370e000, 0x000001d6d2d99000,
0x000001d6d3712000, 0x000001d6d3885000, 0x000001d6d62e2000, 0x000001d6d48d6000,
0x000001d6d51b2800, 0x000001d6d645e800, 0x000001d6d502e800, 0x000001d6d6a1f000,
0x000001d6d6a1a800, 0x000001d6d51e7800, 0x000001d6d55da000, 0x000001d6d4cc7800,
0x000001d6d592c000, 0x000001d6d5928000, 0x000001d6d5928800, 0x000001d6d592c800,
0x000001d6d5927000, 0x000001d6d5929800, 0x000001d6d592a000, 0x000001d6d592b000,
0x000001d6d592d800, 0x000001d6d3d0a800, 0x000001d6d3d0d800, 0x000001d6d3d11000,
0x000001d6d3d0e800, 0x000001d6d3d0b800, 0x000001d6d3d0f800, 0x000001d6d3d12000,
0x000001d6d3d10000, 0x000001d6d3d0c000, 0x000001d6d3d12800, 0x000001d6d3d13800,
0x000001d6d3d15000, 0x000001d6d3d16800, 0x000001d6d3d17800, 0x000001d6d6f10000
}

Java Threads: ( => current thread )
  0x000001d6b916a800 JavaThread "main" [_thread_blocked, id=14572, stack(0x0000004615800000,0x0000004615900000)]
  0x000001d6d2d7e000 JavaThread "Reference Handler" daemon [_thread_blocked, id=11944, stack(0x0000004615f00000,0x0000004616000000)]
  0x000001d6d2d88800 JavaThread "Finalizer" daemon [_thread_blocked, id=11832, stack(0x0000004616000000,0x0000004616100000)]
  0x000001d6d3704800 JavaThread "Signal Dispatcher" daemon [_thread_blocked, id=15548, stack(0x0000004616100000,0x0000004616200000)]
  0x000001d6d3705800 JavaThread "Attach Listener" daemon [_thread_blocked, id=1052, stack(0x0000004616200000,0x0000004616300000)]
  0x000001d6d3709800 JavaThread "Service Thread" daemon [_thread_blocked, id=13752, stack(0x0000004616300000,0x0000004616400000)]
  0x000001d6d370e000 JavaThread "C2 CompilerThread0" daemon [_thread_blocked, id=16540, stack(0x0000004616400000,0x0000004616500000)]
  0x000001d6d2d99000 JavaThread "C1 CompilerThread0" daemon [_thread_blocked, id=11276, stack(0x0000004616500000,0x0000004616600000)]
  0x000001d6d3712000 JavaThread "Sweeper thread" daemon [_thread_blocked, id=7644, stack(0x0000004616600000,0x0000004616700000)]
  0x000001d6d3885000 JavaThread "Common-Cleaner" daemon [_thread_blocked, id=9540, stack(0x0000004616700000,0x0000004616800000)]
  0x000001d6d62e2000 JavaThread "Daemon health stats" [_thread_blocked, id=7832, stack(0x0000004616c00000,0x0000004616d00000)]
  0x000001d6d48d6000 JavaThread "Incoming local TCP Connector on port 49158" [_thread_in_native, id=9916, stack(0x0000004616900000,0x0000004616a00000)]
  0x000001d6d51b2800 JavaThread "Daemon periodic checks" [_thread_blocked, id=11788, stack(0x0000004616d00000,0x0000004616e00000)]
  0x000001d6d645e800 JavaThread "Daemon" [_thread_blocked, id=14864, stack(0x0000004616e00000,0x0000004616f00000)]
  0x000001d6d502e800 JavaThread "Handler for socket connection from /127.0.0.1:49158 to /127.0.0.1:49159" [_thread_in_native, id=17792, stack(0x0000004616f00000,0x0000004617000000)]
  0x000001d6d6a1f000 JavaThread "Cancel handler" [_thread_blocked, id=16020, stack(0x0000004617000000,0x0000004617100000)]
  0x000001d6d6a1a800 JavaThread "Daemon worker" [_thread_blocked, id=5972, stack(0x0000004617100000,0x0000004617200000)]
  0x000001d6d51e7800 JavaThread "Asynchronous log dispatcher for DefaultDaemonConnection: socket connection from /127.0.0.1:49158 to /127.0.0.1:49159" [_thread_blocked, id=8688, stack(0x0000004617200000,0x0000004617300000)]
  0x000001d6d55da000 JavaThread "Stdin handler" [_thread_blocked, id=15400, stack(0x0000004617300000,0x0000004617400000)]
  0x000001d6d4cc7800 JavaThread "Daemon client event forwarder" [_thread_blocked, id=8240, stack(0x0000004617400000,0x0000004617500000)]
  0x000001d6d592c000 JavaThread "Cache worker for file hash cache (D:\eigenfaces\FinalVersion\.gradle\caches\7.0.2\fileHashes)" [_thread_blocked, id=8664, stack(0x0000004617600000,0x0000004617700000)]
  0x000001d6d5928000 JavaThread "File lock request listener" [_thread_in_native, id=6536, stack(0x0000004617700000,0x0000004617800000)]
  0x000001d6d5928800 JavaThread "Cache worker for journal cache (D:\eigenfaces\FinalVersion\.gradle\caches\journal-1)" [_thread_blocked, id=17328, stack(0x0000004617800000,0x0000004617900000)]
  0x000001d6d592c800 JavaThread "Cache worker for file hash cache (D:\AppsAndroid\MobileFaceBank\.gradle\7.0.2\fileHashes)" [_thread_blocked, id=13832, stack(0x0000004617900000,0x0000004617a00000)]
  0x000001d6d5927000 JavaThread "File watcher server" daemon [_thread_in_native, id=10904, stack(0x0000004617a00000,0x0000004617b00000)]
  0x000001d6d5929800 JavaThread "File watcher consumer" daemon [_thread_blocked, id=16224, stack(0x0000004617b00000,0x0000004617c00000)]
  0x000001d6d592a000 JavaThread "jar transforms" [_thread_blocked, id=10836, stack(0x0000004617c00000,0x0000004617d00000)]
  0x000001d6d592b000 JavaThread "jar transforms Thread 2" [_thread_blocked, id=912, stack(0x0000004617d00000,0x0000004617e00000)]
  0x000001d6d592d800 JavaThread "jar transforms Thread 3" [_thread_blocked, id=12176, stack(0x0000004617e00000,0x0000004617f00000)]
  0x000001d6d3d0a800 JavaThread "jar transforms Thread 4" [_thread_blocked, id=576, stack(0x0000004617f00000,0x0000004618000000)]
  0x000001d6d3d0d800 JavaThread "Cache worker for checksums cache (D:\AppsAndroid\MobileFaceBank\.gradle\checksums)" [_thread_blocked, id=10736, stack(0x0000004618000000,0x0000004618100000)]
  0x000001d6d3d11000 JavaThread "Cache worker for cache directory md-supplier (D:\eigenfaces\FinalVersion\.gradle\caches\7.0.2\md-supplier)" [_thread_blocked, id=716, stack(0x0000004618100000,0x0000004618200000)]
  0x000001d6d3d0e800 JavaThread "Cache worker for cache directory md-rule (D:\eigenfaces\FinalVersion\.gradle\caches\7.0.2\md-rule)" [_thread_blocked, id=12280, stack(0x0000004618300000,0x0000004618400000)]
  0x000001d6d3d0b800 JavaThread "Cache worker for execution history cache (D:\eigenfaces\FinalVersion\.gradle\caches\7.0.2\executionHistory)" [_thread_blocked, id=1488, stack(0x0000004618400000,0x0000004618500000)]
  0x000001d6d3d0f800 JavaThread "Cache worker for file content cache (D:\eigenfaces\FinalVersion\.gradle\caches\7.0.2\fileContent)" [_thread_blocked, id=13716, stack(0x0000004618500000,0x0000004618600000)]
  0x000001d6d3d12000 JavaThread "Cache worker for dependencies-accessors (D:\AppsAndroid\MobileFaceBank\.gradle\7.0.2\dependencies-accessors)" [_thread_blocked, id=14156, stack(0x0000004618600000,0x0000004618700000)]
  0x000001d6d3d10000 JavaThread "Cache worker for Build Output Cleanup Cache (D:\AppsAndroid\MobileFaceBank\.gradle\buildOutputCleanup)" [_thread_blocked, id=8800, stack(0x0000004618700000,0x0000004618800000)]
  0x000001d6d3d0c000 JavaThread "Build operations" [_thread_blocked, id=3904, stack(0x0000004618200000,0x0000004618300000)]
  0x000001d6d3d12800 JavaThread "Build operations Thread 2" [_thread_blocked, id=13864, stack(0x0000004618800000,0x0000004618900000)]
  0x000001d6d3d13800 JavaThread "Build operations Thread 3" [_thread_blocked, id=4412, stack(0x0000004618900000,0x0000004618a00000)]
  0x000001d6d3d15000 JavaThread "Build operations Thread 4" [_thread_blocked, id=2152, stack(0x0000004618a00000,0x0000004618b00000)]
  0x000001d6d3d16800 JavaThread "Memory manager" [_thread_blocked, id=5228, stack(0x0000004618d00000,0x0000004618e00000)]
  0x000001d6d3d17800 JavaThread "pool-3-thread-1" [_thread_blocked, id=14320, stack(0x0000004618e00000,0x0000004618f00000)]
  0x000001d6d6f10000 JavaThread "Cache worker for execution history cache (D:\AppsAndroid\MobileFaceBank\.gradle\7.0.2\executionHistory)" [_thread_blocked, id=6996, stack(0x0000004619200000,0x0000004619300000)]

Other Threads:
=>0x000001d6d2d7a000 VMThread "VM Thread" [stack: 0x0000004615e00000,0x0000004615f00000] [id=1732]
  0x000001d6d38b2800 WatcherThread [stack: 0x0000004616800000,0x0000004616900000] [id=8872]
  0x000001d6b9183800 GCTaskThread "GC Thread#0" [stack: 0x0000004615900000,0x0000004615a00000] [id=11828]
  0x000001d6d3b2d800 GCTaskThread "GC Thread#1" [stack: 0x0000004616a00000,0x0000004616b00000] [id=6560]
  0x000001d6d3d62800 GCTaskThread "GC Thread#2" [stack: 0x0000004616b00000,0x0000004616c00000] [id=3644]
  0x000001d6d4b73800 GCTaskThread "GC Thread#3" [stack: 0x0000004617500000,0x0000004617600000] [id=17076]
  0x000001d6b91b6000 ConcurrentGCThread "G1 Main Marker" [stack: 0x0000004615a00000,0x0000004615b00000] [id=8016]
  0x000001d6b91b7000 ConcurrentGCThread "G1 Conc#0" [stack: 0x0000004615b00000,0x0000004615c00000] [id=2652]
  0x000001d6d2bd1800 ConcurrentGCThread "G1 Refine#0" [stack: 0x0000004615c00000,0x0000004615d00000] [id=9308]
  0x000001d6b9238800 ConcurrentGCThread "G1 Young RemSet Sampling" [stack: 0x0000004615d00000,0x0000004615e00000] [id=6644]

Threads with active compile tasks:
C2 CompilerThread0  41894 7940       4       jdk.internal.jimage.BasicImageReader::getAttributes (48 bytes)

VM state:at safepoint (normal execution)

VM Mutex/Monitor currently owned by a thread:  ([mutex/lock_event])
[0x000001d6b9166b80] Threads_lock - owner thread: 0x000001d6d2d7a000
[0x000001d6b9166940] Heap_lock - owner thread: 0x000001d6d6a1a800

Heap address: 0x0000000080000000, size: 2048 MB, Compressed Oops mode: 32-bit
Narrow klass base: 0x0000000000000000, Narrow klass shift: 3
Compressed class space size: 1073741824 Address: 0x0000000100000000

Heap:
 garbage-first heap   total 235520K, used 134487K [0x0000000080000000, 0x0000000100000000)
  region size 1024K, 2 young (2048K), 2 survivors (2048K)
 Metaspace       used 84232K, capacity 86566K, committed 86864K, reserved 1124352K
  class space    used 10602K, capacity 11392K, committed 11468K, reserved 1048576K
Heap Regions: E=young(eden), S=young(survivor), O=old, HS=humongous(starts), HC=humongous(continues), CS=collection set, F=free, A=archive, TAMS=top-at-mark-start (previous, next)
|   0|0x0000000080000000, 0x0000000080100000, 0x0000000080100000|100%| O|  |TAMS 0x0000000080100000, 0x0000000080000000| Untracked 
|   1|0x0000000080100000, 0x0000000080200000, 0x0000000080200000|100%| O|  |TAMS 0x0000000080200000, 0x0000000080100000| Untracked 
|   2|0x0000000080200000, 0x0000000080300000, 0x0000000080300000|100%| O|  |TAMS 0x0000000080300000, 0x0000000080200000| Untracked 
|   3|0x0000000080300000, 0x0000000080400000, 0x0000000080400000|100%|HS|  |TAMS 0x0000000080400000, 0x0000000080300000| Complete 
|   4|0x0000000080400000, 0x0000000080500000, 0x0000000080500000|100%|HC|  |TAMS 0x0000000080500000, 0x0000000080400000| Complete 
|   5|0x0000000080500000, 0x0000000080600000, 0x0000000080600000|100%|HC|  |TAMS 0x0000000080600000, 0x0000000080500000| Complete 
|   6|0x0000000080600000, 0x0000000080700000, 0x0000000080700000|100%| O|  |TAMS 0x0000000080700000, 0x0000000080600000| Untracked 
|   7|0x0000000080700000, 0x0000000080800000, 0x0000000080800000|100%| O|  |TAMS 0x0000000080800000, 0x0000000080700000| Untracked 
|   8|0x0000000080800000, 0x0000000080900000, 0x0000000080900000|100%| O|  |TAMS 0x0000000080900000, 0x0000000080800000| Untracked 
|   9|0x0000000080900000, 0x0000000080a00000, 0x0000000080a00000|100%| O|  |TAMS 0x0000000080a00000, 0x0000000080900000| Untracked 
|  10|0x0000000080a00000, 0x0000000080b00000, 0x0000000080b00000|100%| O|  |TAMS 0x0000000080b00000, 0x0000000080a00000| Untracked 
|  11|0x0000000080b00000, 0x0000000080c00000, 0x0000000080c00000|100%| O|  |TAMS 0x0000000080c00000, 0x0000000080b00000| Untracked 
|  12|0x0000000080c00000, 0x0000000080d00000, 0x0000000080d00000|100%| O|  |TAMS 0x0000000080d00000, 0x0000000080c00000| Untracked 
|  13|0x0000000080d00000, 0x0000000080e00000, 0x0000000080e00000|100%| O|  |TAMS 0x0000000080e00000, 0x0000000080d00000| Untracked 
|  14|0x0000000080e00000, 0x0000000080f00000, 0x0000000080f00000|100%|HS|  |TAMS 0x0000000080f00000, 0x0000000080e00000| Complete 
|  15|0x0000000080f00000, 0x0000000081000000, 0x0000000081000000|100%|HC|  |TAMS 0x0000000081000000, 0x0000000080f00000| Complete 
|  16|0x0000000081000000, 0x0000000081100000, 0x0000000081100000|100%|HS|  |TAMS 0x0000000081100000, 0x0000000081000000| Complete 
|  17|0x0000000081100000, 0x0000000081200000, 0x0000000081200000|100%|HC|  |TAMS 0x0000000081200000, 0x0000000081100000| Complete 
|  18|0x0000000081200000, 0x0000000081300000, 0x0000000081300000|100%|HC|  |TAMS 0x0000000081300000, 0x0000000081200000| Complete 
|  19|0x0000000081300000, 0x0000000081400000, 0x0000000081400000|100%|HS|  |TAMS 0x0000000081400000, 0x0000000081300000| Complete 
|  20|0x0000000081400000, 0x0000000081500000, 0x0000000081500000|100%|HC|  |TAMS 0x0000000081500000, 0x0000000081400000| Complete 
|  21|0x0000000081500000, 0x0000000081600000, 0x0000000081600000|100%|HC|  |TAMS 0x0000000081600000, 0x0000000081500000| Complete 
|  22|0x0000000081600000, 0x0000000081700000, 0x0000000081700000|100%|HS|  |TAMS 0x0000000081700000, 0x0000000081600000| Complete 
|  23|0x0000000081700000, 0x0000000081800000, 0x0000000081800000|100%|HC|  |TAMS 0x0000000081800000, 0x0000000081700000| Complete 
|  24|0x0000000081800000, 0x0000000081900000, 0x0000000081900000|100%|HC|  |TAMS 0x0000000081900000, 0x0000000081800000| Complete 
|  25|0x0000000081900000, 0x0000000081a00000, 0x0000000081a00000|100%|HC|  |TAMS 0x0000000081a00000, 0x0000000081900000| Complete 
|  26|0x0000000081a00000, 0x0000000081b00000, 0x0000000081b00000|100%|HC|  |TAMS 0x0000000081b00000, 0x0000000081a00000| Complete 
|  27|0x0000000081b00000, 0x0000000081c00000, 0x0000000081c00000|100%|HS|  |TAMS 0x0000000081c00000, 0x0000000081b00000| Complete 
|  28|0x0000000081c00000, 0x0000000081d00000, 0x0000000081d00000|100%|HS|  |TAMS 0x0000000081d00000, 0x0000000081c00000| Complete 
|  29|0x0000000081d00000, 0x0000000081e00000, 0x0000000081e00000|100%|HC|  |TAMS 0x0000000081e00000, 0x0000000081d00000| Complete 
|  30|0x0000000081e00000, 0x0000000081f00000, 0x0000000081f00000|100%|HC|  |TAMS 0x0000000081f00000, 0x0000000081e00000| Complete 
|  31|0x0000000081f00000, 0x0000000082000000, 0x0000000082000000|100%|HC|  |TAMS 0x0000000082000000, 0x0000000081f00000| Complete 
|  32|0x0000000082000000, 0x0000000082100000, 0x0000000082100000|100%| O|  |TAMS 0x0000000082100000, 0x0000000082000000| Untracked 
|  33|0x0000000082100000, 0x0000000082200000, 0x0000000082200000|100%| O|  |TAMS 0x0000000082200000, 0x0000000082100000| Untracked 
|  34|0x0000000082200000, 0x0000000082300000, 0x0000000082300000|100%| O|  |TAMS 0x0000000082300000, 0x0000000082200000| Untracked 
|  35|0x0000000082300000, 0x0000000082400000, 0x0000000082400000|100%| O|  |TAMS 0x0000000082400000, 0x0000000082300000| Untracked 
|  36|0x0000000082400000, 0x0000000082500000, 0x0000000082500000|100%| O|  |TAMS 0x0000000082500000, 0x0000000082400000| Untracked 
|  37|0x0000000082500000, 0x0000000082600000, 0x0000000082600000|100%| O|  |TAMS 0x0000000082600000, 0x0000000082500000| Untracked 
|  38|0x0000000082600000, 0x0000000082700000, 0x0000000082700000|100%| O|  |TAMS 0x0000000082700000, 0x0000000082600000| Untracked 
|  39|0x0000000082700000, 0x0000000082800000, 0x0000000082800000|100%| O|  |TAMS 0x0000000082800000, 0x0000000082700000| Untracked 
|  40|0x0000000082800000, 0x0000000082900000, 0x0000000082900000|100%| O|  |TAMS 0x0000000082900000, 0x0000000082800000| Untracked 
|  41|0x0000000082900000, 0x0000000082a00000, 0x0000000082a00000|100%| O|  |TAMS 0x0000000082a00000, 0x0000000082900000| Untracked 
|  42|0x0000000082a00000, 0x0000000082b00000, 0x0000000082b00000|100%| O|  |TAMS 0x0000000082b00000, 0x0000000082a00000| Untracked 
|  43|0x0000000082b00000, 0x0000000082c00000, 0x0000000082c00000|100%|HS|  |TAMS 0x0000000082c00000, 0x0000000082b00000| Complete 
|  44|0x0000000082c00000, 0x0000000082d00000, 0x0000000082d00000|100%|HC|  |TAMS 0x0000000082d00000, 0x0000000082c00000| Complete 
|  45|0x0000000082d00000, 0x0000000082e00000, 0x0000000082e00000|100%|HS|  |TAMS 0x0000000082e00000, 0x0000000082d00000| Complete 
|  46|0x0000000082e00000, 0x0000000082f00000, 0x0000000082f00000|100%|HC|  |TAMS 0x0000000082f00000, 0x0000000082e00000| Complete 
|  47|0x0000000082f00000, 0x0000000083000000, 0x0000000083000000|100%|HC|  |TAMS 0x0000000083000000, 0x0000000082f00000| Complete 
|  48|0x0000000083000000, 0x0000000083100000, 0x0000000083100000|100%|HS|  |TAMS 0x0000000083100000, 0x0000000083000000| Complete 
|  49|0x0000000083100000, 0x0000000083200000, 0x0000000083200000|100%|HC|  |TAMS 0x0000000083200000, 0x0000000083100000| Complete 
|  50|0x0000000083200000, 0x0000000083300000, 0x0000000083300000|100%|HC|  |TAMS 0x0000000083300000, 0x0000000083200000| Complete 
|  51|0x0000000083300000, 0x0000000083400000, 0x0000000083400000|100%|HC|  |TAMS 0x0000000083400000, 0x0000000083300000| Complete 
|  52|0x0000000083400000, 0x0000000083500000, 0x0000000083500000|100%|HS|  |TAMS 0x0000000083500000, 0x0000000083400000| Complete 
|  53|0x0000000083500000, 0x0000000083600000, 0x0000000083600000|100%|HC|  |TAMS 0x0000000083600000, 0x0000000083500000| Complete 
|  54|0x0000000083600000, 0x0000000083700000, 0x0000000083700000|100%|HC|  |TAMS 0x0000000083700000, 0x0000000083600000| Complete 
|  55|0x0000000083700000, 0x0000000083800000, 0x0000000083800000|100%| O|  |TAMS 0x0000000083800000, 0x0000000083700000| Untracked 
|  56|0x0000000083800000, 0x0000000083900000, 0x0000000083900000|100%| O|  |TAMS 0x0000000083900000, 0x0000000083800000| Untracked 
|  57|0x0000000083900000, 0x0000000083a00000, 0x0000000083a00000|100%| O|  |TAMS 0x0000000083a00000, 0x0000000083900000| Untracked 
|  58|0x0000000083a00000, 0x0000000083b00000, 0x0000000083b00000|100%| O|  |TAMS 0x0000000083b00000, 0x0000000083a00000| Untracked 
|  59|0x0000000083b00000, 0x0000000083c00000, 0x0000000083c00000|100%|HS|  |TAMS 0x0000000083c00000, 0x0000000083b00000| Complete 
|  60|0x0000000083c00000, 0x0000000083d00000, 0x0000000083d00000|100%| O|  |TAMS 0x0000000083d00000, 0x0000000083c00000| Untracked 
|  61|0x0000000083d00000, 0x0000000083e00000, 0x0000000083e00000|100%| O|  |TAMS 0x0000000083e00000, 0x0000000083d00000| Untracked 
|  62|0x0000000083e00000, 0x0000000083f00000, 0x0000000083f00000|100%| O|  |TAMS 0x0000000083f00000, 0x0000000083e00000| Untracked 
|  63|0x0000000083f00000, 0x0000000084000000, 0x0000000084000000|100%| O|  |TAMS 0x0000000084000000, 0x0000000083f00000| Untracked 
|  64|0x0000000084000000, 0x0000000084100000, 0x0000000084100000|100%|HS|  |TAMS 0x0000000084100000, 0x0000000084000000| Complete 
|  65|0x0000000084100000, 0x0000000084200000, 0x0000000084200000|100%|HC|  |TAMS 0x0000000084200000, 0x0000000084100000| Complete 
|  66|0x0000000084200000, 0x0000000084300000, 0x0000000084300000|100%|HC|  |TAMS 0x0000000084300000, 0x0000000084200000| Complete 
|  67|0x0000000084300000, 0x0000000084400000, 0x0000000084400000|100%|HC|  |TAMS 0x0000000084400000, 0x0000000084300000| Complete 
|  68|0x0000000084400000, 0x0000000084500000, 0x0000000084500000|100%|HC|  |TAMS 0x0000000084500000, 0x0000000084400000| Complete 
|  69|0x0000000084500000, 0x0000000084600000, 0x0000000084600000|100%| O|  |TAMS 0x0000000084600000, 0x0000000084500000| Untracked 
|  70|0x0000000084600000, 0x0000000084700000, 0x0000000084700000|100%| O|  |TAMS 0x0000000084700000, 0x0000000084600000| Untracked 
|  71|0x0000000084700000, 0x0000000084800000, 0x0000000084800000|100%| O|  |TAMS 0x0000000084800000, 0x0000000084700000| Untracked 
|  72|0x0000000084800000, 0x0000000084900000, 0x0000000084900000|100%|HS|  |TAMS 0x0000000084900000, 0x0000000084800000| Complete 
|  73|0x0000000084900000, 0x0000000084a00000, 0x0000000084a00000|100%|HS|  |TAMS 0x0000000084a00000, 0x0000000084900000| Complete 
|  74|0x0000000084a00000, 0x0000000084b00000, 0x0000000084b00000|100%|HC|  |TAMS 0x0000000084b00000, 0x0000000084a00000| Complete 
|  75|0x0000000084b00000, 0x0000000084c00000, 0x0000000084c00000|100%| O|  |TAMS 0x0000000084c00000, 0x0000000084b00000| Untracked 
|  76|0x0000000084c00000, 0x0000000084d00000, 0x0000000084d00000|100%| O|  |TAMS 0x0000000084d00000, 0x0000000084c00000| Untracked 
|  77|0x0000000084d00000, 0x0000000084e00000, 0x0000000084e00000|100%| O|  |TAMS 0x0000000084e00000, 0x0000000084d00000| Untracked 
|  78|0x0000000084e00000, 0x0000000084f00000, 0x0000000084f00000|100%| O|  |TAMS 0x0000000084f00000, 0x0000000084e00000| Untracked 
|  79|0x0000000084f00000, 0x0000000085000000, 0x0000000085000000|100%| O|  |TAMS 0x0000000085000000, 0x0000000084f00000| Untracked 
|  80|0x0000000085000000, 0x0000000085100000, 0x0000000085100000|100%| O|  |TAMS 0x0000000085100000, 0x0000000085000000| Untracked 
|  81|0x0000000085100000, 0x0000000085200000, 0x0000000085200000|100%| O|  |TAMS 0x0000000085200000, 0x0000000085100000| Untracked 
|  82|0x0000000085200000, 0x0000000085300000, 0x0000000085300000|100%| O|  |TAMS 0x0000000085300000, 0x0000000085200000| Untracked 
|  83|0x0000000085300000, 0x0000000085400000, 0x0000000085400000|100%| O|  |TAMS 0x0000000085400000, 0x0000000085300000| Untracked 
|  84|0x0000000085400000, 0x0000000085500000, 0x0000000085500000|100%| O|  |TAMS 0x0000000085500000, 0x0000000085400000| Untracked 
|  85|0x0000000085500000, 0x0000000085600000, 0x0000000085600000|100%| O|  |TAMS 0x0000000085600000, 0x0000000085500000| Untracked 
|  86|0x0000000085600000, 0x0000000085700000, 0x0000000085700000|100%| O|  |TAMS 0x0000000085700000, 0x0000000085600000| Untracked 
|  87|0x0000000085700000, 0x0000000085800000, 0x0000000085800000|100%| O|  |TAMS 0x0000000085800000, 0x0000000085700000| Untracked 
|  88|0x0000000085800000, 0x0000000085900000, 0x0000000085900000|100%| O|  |TAMS 0x0000000085900000, 0x0000000085800000| Untracked 
|  89|0x0000000085900000, 0x0000000085a00000, 0x0000000085a00000|100%| O|  |TAMS 0x0000000085a00000, 0x0000000085900000| Untracked 
|  90|0x0000000085a00000, 0x0000000085b00000, 0x0000000085b00000|100%| O|  |TAMS 0x0000000085b00000, 0x0000000085a00000| Untracked 
|  91|0x0000000085b00000, 0x0000000085c00000, 0x0000000085c00000|100%| O|  |TAMS 0x0000000085c00000, 0x0000000085b00000| Untracked 
|  92|0x0000000085c00000, 0x0000000085d00000, 0x0000000085d00000|100%| O|  |TAMS 0x0000000085d00000, 0x0000000085c00000| Untracked 
|  93|0x0000000085d00000, 0x0000000085e00000, 0x0000000085e00000|100%| O|  |TAMS 0x0000000085e00000, 0x0000000085d00000| Untracked 
|  94|0x0000000085e00000, 0x0000000085f00000, 0x0000000085f00000|100%| O|  |TAMS 0x0000000085f00000, 0x0000000085e00000| Untracked 
|  95|0x0000000085f00000, 0x0000000086000000, 0x0000000086000000|100%| O|  |TAMS 0x0000000086000000, 0x0000000085f00000| Untracked 
|  96|0x0000000086000000, 0x0000000086100000, 0x0000000086100000|100%| O|  |TAMS 0x0000000086100000, 0x0000000086000000| Untracked 
|  97|0x0000000086100000, 0x0000000086200000, 0x0000000086200000|100%| O|  |TAMS 0x0000000086200000, 0x0000000086100000| Untracked 
|  98|0x0000000086200000, 0x0000000086300000, 0x0000000086300000|100%| O|  |TAMS 0x0000000086300000, 0x0000000086200000| Untracked 
|  99|0x0000000086300000, 0x0000000086400000, 0x0000000086400000|100%| O|  |TAMS 0x0000000086400000, 0x0000000086300000| Untracked 
| 100|0x0000000086400000, 0x0000000086500000, 0x0000000086500000|100%| O|  |TAMS 0x0000000086500000, 0x0000000086400000| Untracked 
| 101|0x0000000086500000, 0x0000000086600000, 0x0000000086600000|100%|HS|  |TAMS 0x0000000086600000, 0x0000000086500000| Complete 
| 102|0x0000000086600000, 0x0000000086700000, 0x0000000086700000|100%|HC|  |TAMS 0x0000000086700000, 0x0000000086600000| Complete 
| 103|0x0000000086700000, 0x0000000086800000, 0x0000000086800000|100%|HS|  |TAMS 0x0000000086800000, 0x0000000086700000| Complete 
| 104|0x0000000086800000, 0x0000000086900000, 0x0000000086900000|100%|HC|  |TAMS 0x0000000086900000, 0x0000000086800000| Complete 
| 105|0x0000000086900000, 0x0000000086a00000, 0x0000000086a00000|100%|HC|  |TAMS 0x0000000086a00000, 0x0000000086900000| Complete 
| 106|0x0000000086a00000, 0x0000000086b00000, 0x0000000086b00000|100%|HS|  |TAMS 0x0000000086b00000, 0x0000000086a00000| Complete 
| 107|0x0000000086b00000, 0x0000000086c00000, 0x0000000086c00000|100%|HC|  |TAMS 0x0000000086c00000, 0x0000000086b00000| Complete 
| 108|0x0000000086c00000, 0x0000000086d00000, 0x0000000086d00000|100%|HC|  |TAMS 0x0000000086d00000, 0x0000000086c00000| Complete 
| 109|0x0000000086d00000, 0x0000000086e00000, 0x0000000086e00000|100%|HS|  |TAMS 0x0000000086e00000, 0x0000000086d00000| Complete 
| 110|0x0000000086e00000, 0x0000000086f00000, 0x0000000086f00000|100%|HC|  |TAMS 0x0000000086f00000, 0x0000000086e00000| Complete 
| 111|0x0000000086f00000, 0x0000000087000000, 0x0000000087000000|100%|HC|  |TAMS 0x0000000087000000, 0x0000000086f00000| Complete 
| 112|0x0000000087000000, 0x0000000087100000, 0x0000000087100000|100%|HC|  |TAMS 0x0000000087100000, 0x0000000087000000| Complete 
| 113|0x0000000087100000, 0x0000000087200000, 0x0000000087200000|100%|HC|  |TAMS 0x0000000087200000, 0x0000000087100000| Complete 
| 114|0x0000000087200000, 0x0000000087300000, 0x0000000087300000|100%|HS|  |TAMS 0x0000000087300000, 0x0000000087200000| Complete 
| 115|0x0000000087300000, 0x0000000087400000, 0x0000000087400000|100%|HS|  |TAMS 0x0000000087400000, 0x0000000087300000| Complete 
| 116|0x0000000087400000, 0x0000000087500000, 0x0000000087500000|100%|HC|  |TAMS 0x0000000087500000, 0x0000000087400000| Complete 
| 117|0x0000000087500000, 0x0000000087600000, 0x0000000087600000|100%|HC|  |TAMS 0x0000000087600000, 0x0000000087500000| Complete 
| 118|0x0000000087600000, 0x0000000087700000, 0x0000000087700000|100%|HC|  |TAMS 0x0000000087700000, 0x0000000087600000| Complete 
| 119|0x0000000087700000, 0x0000000087800000, 0x0000000087800000|100%| O|  |TAMS 0x0000000087800000, 0x0000000087700000| Untracked 
| 120|0x0000000087800000, 0x0000000087900000, 0x0000000087900000|100%| O|  |TAMS 0x0000000087900000, 0x0000000087800000| Untracked 
| 121|0x0000000087900000, 0x0000000087a00000, 0x0000000087a00000|100%| O|  |TAMS 0x0000000087a00000, 0x0000000087900000| Untracked 
| 122|0x0000000087a00000, 0x0000000087b00000, 0x0000000087b00000|100%| O|  |TAMS 0x0000000087b00000, 0x0000000087a00000| Untracked 
| 123|0x0000000087b00000, 0x0000000087c00000, 0x0000000087c00000|100%| O|  |TAMS 0x0000000087c00000, 0x0000000087b00000| Untracked 
| 124|0x0000000087c00000, 0x0000000087d00000, 0x0000000087d00000|100%| O|  |TAMS 0x0000000087d00000, 0x0000000087c00000| Untracked 
| 125|0x0000000087d00000, 0x0000000087e00000, 0x0000000087e00000|100%| O|  |TAMS 0x0000000087e00000, 0x0000000087d00000| Untracked 
| 126|0x0000000087e00000, 0x0000000087f00000, 0x0000000087f00000|100%| O|  |TAMS 0x0000000087f00000, 0x0000000087e00000| Untracked 
| 127|0x0000000087f00000, 0x0000000088000000, 0x0000000088000000|100%| O|  |TAMS 0x0000000088000000, 0x0000000087f00000| Untracked 
| 128|0x0000000088000000, 0x0000000088100000, 0x0000000088100000|100%| O|  |TAMS 0x0000000088100000, 0x0000000088000000| Untracked 
| 129|0x0000000088100000, 0x000000008819a400, 0x0000000088200000| 60%| O|  |TAMS 0x000000008819a400, 0x0000000088100000| Untracked 
| 130|0x0000000088200000, 0x0000000088200000, 0x0000000088300000|  0%| F|  |TAMS 0x0000000088200000, 0x0000000088200000| Untracked 
| 131|0x0000000088300000, 0x0000000088300000, 0x0000000088400000|  0%| F|  |TAMS 0x0000000088300000, 0x0000000088300000| Untracked 
| 132|0x0000000088400000, 0x0000000088400000, 0x0000000088500000|  0%| F|  |TAMS 0x0000000088400000, 0x0000000088400000| Untracked 
| 133|0x0000000088500000, 0x0000000088500000, 0x0000000088600000|  0%| F|  |TAMS 0x0000000088500000, 0x0000000088500000| Untracked 
| 134|0x0000000088600000, 0x0000000088600000, 0x0000000088700000|  0%| F|  |TAMS 0x0000000088600000, 0x0000000088600000| Untracked 
| 135|0x0000000088700000, 0x0000000088700000, 0x0000000088800000|  0%| F|  |TAMS 0x0000000088700000, 0x0000000088700000| Untracked 
| 136|0x0000000088800000, 0x0000000088800000, 0x0000000088900000|  0%| F|  |TAMS 0x0000000088800000, 0x0000000088800000| Untracked 
| 137|0x0000000088900000, 0x0000000088900000, 0x0000000088a00000|  0%| F|  |TAMS 0x0000000088900000, 0x0000000088900000| Untracked 
| 138|0x0000000088a00000, 0x0000000088a00000, 0x0000000088b00000|  0%| F|  |TAMS 0x0000000088a00000, 0x0000000088a00000| Untracked 
| 139|0x0000000088b00000, 0x0000000088b00000, 0x0000000088c00000|  0%| F|  |TAMS 0x0000000088b00000, 0x0000000088b00000| Untracked 
| 140|0x0000000088c00000, 0x0000000088c00000, 0x0000000088d00000|  0%| F|  |TAMS 0x0000000088c00000, 0x0000000088c00000| Untracked 
| 141|0x0000000088d00000, 0x0000000088d00000, 0x0000000088e00000|  0%| F|  |TAMS 0x0000000088d00000, 0x0000000088d00000| Untracked 
| 142|0x0000000088e00000, 0x0000000088e00000, 0x0000000088f00000|  0%| F|  |TAMS 0x0000000088e00000, 0x0000000088e00000| Untracked 
| 143|0x0000000088f00000, 0x0000000088f00000, 0x0000000089000000|  0%| F|  |TAMS 0x0000000088f00000, 0x0000000088f00000| Untracked 
| 144|0x0000000089000000, 0x0000000089000000, 0x0000000089100000|  0%| F|  |TAMS 0x0000000089000000, 0x0000000089000000| Untracked 
| 145|0x0000000089100000, 0x0000000089100000, 0x0000000089200000|  0%| F|  |TAMS 0x0000000089100000, 0x0000000089100000| Untracked 
| 146|0x0000000089200000, 0x0000000089200000, 0x0000000089300000|  0%| F|  |TAMS 0x0000000089200000, 0x0000000089200000| Untracked 
| 147|0x0000000089300000, 0x0000000089300000, 0x0000000089400000|  0%| F|  |TAMS 0x0000000089300000, 0x0000000089300000| Untracked 
| 148|0x0000000089400000, 0x0000000089400000, 0x0000000089500000|  0%| F|  |TAMS 0x0000000089400000, 0x0000000089400000| Untracked 
| 149|0x0000000089500000, 0x0000000089500000, 0x0000000089600000|  0%| F|  |TAMS 0x0000000089500000, 0x0000000089500000| Untracked 
| 150|0x0000000089600000, 0x0000000089600000, 0x0000000089700000|  0%| F|  |TAMS 0x0000000089600000, 0x0000000089600000| Untracked 
| 151|0x0000000089700000, 0x0000000089700000, 0x0000000089800000|  0%| F|  |TAMS 0x0000000089700000, 0x0000000089700000| Untracked 
| 152|0x0000000089800000, 0x0000000089800000, 0x0000000089900000|  0%| F|  |TAMS 0x0000000089800000, 0x0000000089800000| Untracked 
| 153|0x0000000089900000, 0x0000000089900000, 0x0000000089a00000|  0%| F|  |TAMS 0x0000000089900000, 0x0000000089900000| Untracked 
| 154|0x0000000089a00000, 0x0000000089a00000, 0x0000000089b00000|  0%| F|  |TAMS 0x0000000089a00000, 0x0000000089a00000| Untracked 
| 155|0x0000000089b00000, 0x0000000089b00000, 0x0000000089c00000|  0%| F|  |TAMS 0x0000000089b00000, 0x0000000089b00000| Untracked 
| 156|0x0000000089c00000, 0x0000000089c00000, 0x0000000089d00000|  0%| F|  |TAMS 0x0000000089c00000, 0x0000000089c00000| Untracked 
| 157|0x0000000089d00000, 0x0000000089d00000, 0x0000000089e00000|  0%| F|  |TAMS 0x0000000089d00000, 0x0000000089d00000| Untracked 
| 158|0x0000000089e00000, 0x0000000089e00000, 0x0000000089f00000|  0%| F|  |TAMS 0x0000000089e00000, 0x0000000089e00000| Untracked 
| 159|0x0000000089f00000, 0x0000000089f00000, 0x000000008a000000|  0%| F|  |TAMS 0x0000000089f00000, 0x0000000089f00000| Untracked 
| 160|0x000000008a000000, 0x000000008a0bb898, 0x000000008a100000| 73%| S|CS|TAMS 0x000000008a000000, 0x000000008a000000| Complete 
| 161|0x000000008a100000, 0x000000008a100000, 0x000000008a200000|  0%| F|  |TAMS 0x000000008a100000, 0x000000008a100000| Untracked 
| 162|0x000000008a200000, 0x000000008a300000, 0x000000008a300000|100%| S|CS|TAMS 0x000000008a200000, 0x000000008a200000| Complete 
| 163|0x000000008a300000, 0x000000008a300000, 0x000000008a400000|  0%| F|  |TAMS 0x000000008a300000, 0x000000008a300000| Untracked 
| 164|0x000000008a400000, 0x000000008a400000, 0x000000008a500000|  0%| F|  |TAMS 0x000000008a400000, 0x000000008a400000| Untracked 
| 165|0x000000008a500000, 0x000000008a500000, 0x000000008a600000|  0%| F|  |TAMS 0x000000008a500000, 0x000000008a500000| Untracked 
| 166|0x000000008a600000, 0x000000008a600000, 0x000000008a700000|  0%| F|  |TAMS 0x000000008a600000, 0x000000008a600000| Untracked 
| 167|0x000000008a700000, 0x000000008a700000, 0x000000008a800000|  0%| F|  |TAMS 0x000000008a700000, 0x000000008a700000| Untracked 
| 168|0x000000008a800000, 0x000000008a800000, 0x000000008a900000|  0%| F|  |TAMS 0x000000008a800000, 0x000000008a800000| Untracked 
| 169|0x000000008a900000, 0x000000008a900000, 0x000000008aa00000|  0%| F|  |TAMS 0x000000008a900000, 0x000000008a900000| Untracked 
| 170|0x000000008aa00000, 0x000000008aa00000, 0x000000008ab00000|  0%| F|  |TAMS 0x000000008aa00000, 0x000000008aa00000| Untracked 
| 171|0x000000008ab00000, 0x000000008ab00000, 0x000000008ac00000|  0%| F|  |TAMS 0x000000008ab00000, 0x000000008ab00000| Untracked 
| 172|0x000000008ac00000, 0x000000008ac00000, 0x000000008ad00000|  0%| F|  |TAMS 0x000000008ac00000, 0x000000008ac00000| Untracked 
| 173|0x000000008ad00000, 0x000000008ad00000, 0x000000008ae00000|  0%| F|  |TAMS 0x000000008ad00000, 0x000000008ad00000| Untracked 
| 174|0x000000008ae00000, 0x000000008ae00000, 0x000000008af00000|  0%| F|  |TAMS 0x000000008ae00000, 0x000000008ae00000| Untracked 
| 175|0x000000008af00000, 0x000000008af00000, 0x000000008b000000|  0%| F|  |TAMS 0x000000008af00000, 0x000000008af00000| Untracked 
| 176|0x000000008b000000, 0x000000008b000000, 0x000000008b100000|  0%| F|  |TAMS 0x000000008b000000, 0x000000008b000000| Untracked 
| 177|0x000000008b100000, 0x000000008b100000, 0x000000008b200000|  0%| F|  |TAMS 0x000000008b100000, 0x000000008b100000| Untracked 
| 178|0x000000008b200000, 0x000000008b200000, 0x000000008b300000|  0%| F|  |TAMS 0x000000008b200000, 0x000000008b200000| Untracked 
| 179|0x000000008b300000, 0x000000008b300000, 0x000000008b400000|  0%| F|  |TAMS 0x000000008b300000, 0x000000008b300000| Untracked 
| 180|0x000000008b400000, 0x000000008b400000, 0x000000008b500000|  0%| F|  |TAMS 0x000000008b400000, 0x000000008b400000| Untracked 
| 181|0x000000008b500000, 0x000000008b500000, 0x000000008b600000|  0%| F|  |TAMS 0x000000008b500000, 0x000000008b500000| Untracked 
| 182|0x000000008b600000, 0x000000008b600000, 0x000000008b700000|  0%| F|  |TAMS 0x000000008b600000, 0x000000008b600000| Untracked 
| 183|0x000000008b700000, 0x000000008b700000, 0x000000008b800000|  0%| F|  |TAMS 0x000000008b700000, 0x000000008b700000| Untracked 
| 184|0x000000008b800000, 0x000000008b800000, 0x000000008b900000|  0%| F|  |TAMS 0x000000008b800000, 0x000000008b800000| Untracked 

Card table byte_map: [0x000001d6cc080000,0x000001d6cc480000] _byte_map_base: 0x000001d6cbc80000

Marking Bits (Prev, Next): (CMBitMap*) 0x000001d6b91ad1e0, (CMBitMap*) 0x000001d6b91ad1a8
 Prev Bits: [0x000001d6ce880000, 0x000001d6d0880000)
 Next Bits: [0x000001d6cc880000, 0x000001d6ce880000)

Polling page: 0x000001d6b7160000

Metaspace:

Usage:
  Non-class:     73.41 MB capacity,    71.91 MB ( 98%) used,     1.30 MB (  2%) free+waste,   215.25 KB ( <1%) overhead. 
      Class:     11.13 MB capacity,    10.35 MB ( 93%) used,   689.68 KB (  6%) free+waste,   100.25 KB ( <1%) overhead. 
       Both:     84.54 MB capacity,    82.26 MB ( 97%) used,     1.97 MB (  2%) free+waste,   315.50 KB ( <1%) overhead. 

Virtual space:
  Non-class space:       74.00 MB reserved,      73.63 MB (>99%) committed 
      Class space:        1.00 GB reserved,      11.20 MB (  1%) committed 
             Both:        1.07 GB reserved,      84.83 MB (  8%) committed 

Chunk freelists:
   Non-Class:  30.00 KB
       Class:  0 bytes
        Both:  30.00 KB

MaxMetaspaceSize: 17179869184.00 GB
CompressedClassSpaceSize: 1.00 GB
Initial GC threshold: 20.80 MB
Current GC threshold: 136.80 MB
CDS: off

CodeHeap 'non-profiled nmethods': size=120064Kb used=4340Kb max_used=4340Kb free=115724Kb
 bounds [0x000001d6c4740000, 0x000001d6c4b80000, 0x000001d6cbc80000]
CodeHeap 'profiled nmethods': size=120000Kb used=16834Kb max_used=16834Kb free=103165Kb
 bounds [0x000001d6bd210000, 0x000001d6be290000, 0x000001d6c4740000]
CodeHeap 'non-nmethods': size=5696Kb used=2358Kb max_used=2393Kb free=3337Kb
 bounds [0x000001d6bcc80000, 0x000001d6bcef0000, 0x000001d6bd210000]
 total_blobs=8727 nmethods=7849 adapters=789
 compilation: enabled
              stopped_count=0, restarted_count=0
 full_count=0

Compilation events (20 events):
Event: 41.718 Thread 0x000001d6d370e000 nmethod 7932 0x000001d6c4b7a810 code [0x000001d6c4b7a9c0, 0x000001d6c4b7aab8]
Event: 41.718 Thread 0x000001d6d370e000 7930       4       org.objectweb.asm.Type::appendDescriptor (90 bytes)
Event: 41.737 Thread 0x000001d6d2d99000 7935       3       org.gradle.api.internal.provider.AbstractMinimalProvider::calculateValue (15 bytes)
Event: 41.737 Thread 0x000001d6d2d99000 nmethod 7935 0x000001d6be27c590 code [0x000001d6be27c760, 0x000001d6be27caa8]
Event: 41.737 Thread 0x000001d6d2d99000 7936       3       org.gradle.api.internal.provider.ValueSupplier$Present::pushWhenMissing (2 bytes)
Event: 41.737 Thread 0x000001d6d2d99000 nmethod 7936 0x000001d6be27cb90 code [0x000001d6be27cd40, 0x000001d6be27ce38]
Event: 41.760 Thread 0x000001d6d370e000 nmethod 7930 0x000001d6c4b7ac10 code [0x000001d6c4b7ae60, 0x000001d6c4b7c090]
Event: 41.762 Thread 0x000001d6d2d99000 7937       3       java.util.Formatter::checkText (58 bytes)
Event: 41.763 Thread 0x000001d6d2d99000 nmethod 7937 0x000001d6be27cf10 code [0x000001d6be27d1c0, 0x000001d6be27de78]
Event: 41.780 Thread 0x000001d6d370e000 7938       4       java.util.regex.Matcher::start (22 bytes)
Event: 41.781 Thread 0x000001d6d370e000 nmethod 7938 0x000001d6c4b7ca10 code [0x000001d6c4b7cba0, 0x000001d6c4b7cc18]
Event: 41.829 Thread 0x000001d6d370e000 7939       4       java.lang.invoke.MethodHandles$Lookup::lookupModes (8 bytes)
Event: 41.830 Thread 0x000001d6d370e000 nmethod 7939 0x000001d6c4b7cd10 code [0x000001d6c4b7cea0, 0x000001d6c4b7cf18]
Event: 41.830 Thread 0x000001d6d370e000 7940       4       jdk.internal.jimage.BasicImageReader::getAttributes (48 bytes)
Event: 41.831 Thread 0x000001d6d2d99000 7941       3       org.gradle.internal.classloader.CachingClassLoader::getResource (59 bytes)
Event: 41.832 Thread 0x000001d6d2d99000 nmethod 7941 0x000001d6be27e390 code [0x000001d6be27e580, 0x000001d6be27ea48]
Event: 41.834 Thread 0x000001d6d2d99000 7942       3       jdk.internal.loader.URLClassPath$1::next (59 bytes)
Event: 41.835 Thread 0x000001d6d2d99000 nmethod 7942 0x000001d6be27eb90 code [0x000001d6be27ed80, 0x000001d6be27f158]
Event: 41.835 Thread 0x000001d6d2d99000 7943       3       java.util.jar.JarFile::getVersionedEntry (85 bytes)
Event: 41.837 Thread 0x000001d6d2d99000 nmethod 7943 0x000001d6be27f290 code [0x000001d6be27f580, 0x000001d6be280588]

GC Heap History (20 events):
Event: 39.080 GC heap after
{Heap after GC invocations=34 (full 0):
 garbage-first heap   total 157696K, used 131269K [0x0000000080000000, 0x0000000100000000)
  region size 1024K, 1 young (1024K), 1 survivors (1024K)
 Metaspace       used 77178K, capacity 79354K, committed 79568K, reserved 1118208K
  class space    used 9798K, capacity 10552K, committed 10572K, reserved 1048576K
}
Event: 39.335 GC heap before
{Heap before GC invocations=34 (full 0):
 garbage-first heap   total 157696K, used 137413K [0x0000000080000000, 0x0000000100000000)
  region size 1024K, 7 young (7168K), 1 survivors (1024K)
 Metaspace       used 77502K, capacity 79616K, committed 79824K, reserved 1118208K
  class space    used 9824K, capacity 10554K, committed 10572K, reserved 1048576K
}
Event: 39.340 GC heap after
{Heap after GC invocations=35 (full 0):
 garbage-first heap   total 157696K, used 131650K [0x0000000080000000, 0x0000000100000000)
  region size 1024K, 1 young (1024K), 1 survivors (1024K)
 Metaspace       used 77502K, capacity 79616K, committed 79824K, reserved 1118208K
  class space    used 9824K, capacity 10554K, committed 10572K, reserved 1048576K
}
Event: 39.586 GC heap before
{Heap before GC invocations=36 (full 0):
 garbage-first heap   total 157696K, used 136770K [0x0000000080000000, 0x0000000100000000)
  region size 1024K, 7 young (7168K), 1 survivors (1024K)
 Metaspace       used 77620K, capacity 79756K, committed 79824K, reserved 1118208K
  class space    used 9836K, capacity 10557K, committed 10572K, reserved 1048576K
}
Event: 39.591 GC heap after
{Heap after GC invocations=37 (full 0):
 garbage-first heap   total 157696K, used 132137K [0x0000000080000000, 0x0000000100000000)
  region size 1024K, 1 young (1024K), 1 survivors (1024K)
 Metaspace       used 77620K, capacity 79756K, committed 79824K, reserved 1118208K
  class space    used 9836K, capacity 10557K, committed 10572K, reserved 1048576K
}
Event: 39.793 GC heap before
{Heap before GC invocations=37 (full 0):
 garbage-first heap   total 157696K, used 137257K [0x0000000080000000, 0x0000000100000000)
  region size 1024K, 7 young (7168K), 1 survivors (1024K)
 Metaspace       used 77742K, capacity 79827K, committed 80080K, reserved 1118208K
  class space    used 9845K, capacity 10558K, committed 10572K, reserved 1048576K
}
Event: 39.798 GC heap after
{Heap after GC invocations=38 (full 0):
 garbage-first heap   total 157696K, used 132549K [0x0000000080000000, 0x0000000100000000)
  region size 1024K, 1 young (1024K), 1 survivors (1024K)
 Metaspace       used 77742K, capacity 79827K, committed 80080K, reserved 1118208K
  class space    used 9845K, capacity 10558K, committed 10572K, reserved 1048576K
}
Event: 39.879 GC heap before
{Heap before GC invocations=38 (full 0):
 garbage-first heap   total 157696K, used 138693K [0x0000000080000000, 0x0000000100000000)
  region size 1024K, 7 young (7168K), 1 survivors (1024K)
 Metaspace       used 78111K, capacity 80305K, committed 80464K, reserved 1120256K
  class space    used 9897K, capacity 10632K, committed 10700K, reserved 1048576K
}
Event: 39.884 GC heap after
{Heap after GC invocations=39 (full 0):
 garbage-first heap   total 189440K, used 132760K [0x0000000080000000, 0x0000000100000000)
  region size 1024K, 1 young (1024K), 1 survivors (1024K)
 Metaspace       used 78111K, capacity 80305K, committed 80464K, reserved 1120256K
  class space    used 9897K, capacity 10632K, committed 10700K, reserved 1048576K
}
Event: 40.050 GC heap before
{Heap before GC invocations=39 (full 0):
 garbage-first heap   total 189440K, used 149144K [0x0000000080000000, 0x0000000100000000)
  region size 1024K, 17 young (17408K), 1 survivors (1024K)
 Metaspace       used 78352K, capacity 80583K, committed 80720K, reserved 1120256K
  class space    used 9931K, capacity 10662K, committed 10700K, reserved 1048576K
}
Event: 40.053 GC heap after
{Heap after GC invocations=40 (full 0):
 garbage-first heap   total 189440K, used 133053K [0x0000000080000000, 0x0000000100000000)
  region size 1024K, 1 young (1024K), 1 survivors (1024K)
 Metaspace       used 78352K, capacity 80583K, committed 80720K, reserved 1120256K
  class space    used 9931K, capacity 10662K, committed 10700K, reserved 1048576K
}
Event: 40.224 GC heap before
{Heap before GC invocations=41 (full 0):
 garbage-first heap   total 189440K, used 150461K [0x0000000080000000, 0x0000000100000000)
  region size 1024K, 18 young (18432K), 1 survivors (1024K)
 Metaspace       used 78919K, capacity 81191K, committed 81360K, reserved 1120256K
  class space    used 10000K, capacity 10758K, committed 10828K, reserved 1048576K
}
Event: 40.228 GC heap after
{Heap after GC invocations=42 (full 0):
 garbage-first heap   total 189440K, used 133205K [0x0000000080000000, 0x0000000100000000)
  region size 1024K, 2 young (2048K), 2 survivors (2048K)
 Metaspace       used 78919K, capacity 81191K, committed 81360K, reserved 1120256K
  class space    used 10000K, capacity 10758K, committed 10828K, reserved 1048576K
}
Event: 40.472 GC heap before
{Heap before GC invocations=42 (full 0):
 garbage-first heap   total 189440K, used 151637K [0x0000000080000000, 0x0000000100000000)
  region size 1024K, 20 young (20480K), 2 survivors (2048K)
 Metaspace       used 79712K, capacity 82030K, committed 82256K, reserved 1120256K
  class space    used 10113K, capacity 10904K, committed 10956K, reserved 1048576K
}
Event: 40.478 GC heap after
{Heap after GC invocations=43 (full 0):
 garbage-first heap   total 189440K, used 133808K [0x0000000080000000, 0x0000000100000000)
  region size 1024K, 2 young (2048K), 2 survivors (2048K)
 Metaspace       used 79712K, capacity 82030K, committed 82256K, reserved 1120256K
  class space    used 10113K, capacity 10904K, committed 10956K, reserved 1048576K
}
Event: 40.905 GC heap before
{Heap before GC invocations=44 (full 0):
 garbage-first heap   total 189440K, used 153264K [0x0000000080000000, 0x0000000100000000)
  region size 1024K, 21 young (21504K), 2 survivors (2048K)
 Metaspace       used 80517K, capacity 82807K, committed 82896K, reserved 1122304K
  class space    used 10231K, capacity 11035K, committed 11084K, reserved 1048576K
}
Event: 40.921 GC heap after
{Heap after GC invocations=45 (full 0):
 garbage-first heap   total 189440K, used 134136K [0x0000000080000000, 0x0000000100000000)
  region size 1024K, 2 young (2048K), 2 survivors (2048K)
 Metaspace       used 80517K, capacity 82807K, committed 82896K, reserved 1122304K
  class space    used 10231K, capacity 11035K, committed 11084K, reserved 1048576K
}
Event: 41.095 GC heap before
{Heap before GC invocations=45 (full 0):
 garbage-first heap   total 189440K, used 154616K [0x0000000080000000, 0x0000000100000000)
  region size 1024K, 22 young (22528K), 2 survivors (2048K)
 Metaspace       used 81159K, capacity 83447K, committed 83792K, reserved 1122304K
  class space    used 10308K, capacity 11099K, committed 11212K, reserved 1048576K
}
Event: 41.103 GC heap after
{Heap after GC invocations=46 (full 0):
 garbage-first heap   total 189440K, used 134179K [0x0000000080000000, 0x0000000100000000)
  region size 1024K, 2 young (2048K), 2 survivors (2048K)
 Metaspace       used 81159K, capacity 83447K, committed 83792K, reserved 1122304K
  class space    used 10308K, capacity 11099K, committed 11212K, reserved 1048576K
}
Event: 41.844 GC heap before
{Heap before GC invocations=47 (full 0):
 garbage-first heap   total 189440K, used 155683K [0x0000000080000000, 0x0000000100000000)
  region size 1024K, 23 young (23552K), 2 survivors (2048K)
 Metaspace       used 84232K, capacity 86566K, committed 86864K, reserved 1124352K
  class space    used 10602K, capacity 11392K, committed 11468K, reserved 1048576K
}

Deoptimization events (20 events):
Event: 40.695 Thread 0x000001d6d6a1a800 DEOPT PACKING pc=0x000001d6bd7284b6 sp=0x00000046171f76d0
Event: 40.695 Thread 0x000001d6d6a1a800 DEOPT UNPACKING pc=0x000001d6bccca95e sp=0x00000046171f6bb0 mode 0
Event: 40.707 Thread 0x000001d6d6a1a800 DEOPT PACKING pc=0x000001d6bd7246d6 sp=0x00000046171f7580
Event: 40.707 Thread 0x000001d6d6a1a800 DEOPT UNPACKING pc=0x000001d6bccca95e sp=0x00000046171f6a88 mode 0
Event: 40.731 Thread 0x000001d6d6a1a800 DEOPT PACKING pc=0x000001d6bd7284b6 sp=0x00000046171f43b0
Event: 40.731 Thread 0x000001d6d6a1a800 DEOPT UNPACKING pc=0x000001d6bccca95e sp=0x00000046171f3890 mode 0
Event: 40.845 Thread 0x000001d6d6a1a800 DEOPT PACKING pc=0x000001d6bd7246d6 sp=0x00000046171f6e60
Event: 40.845 Thread 0x000001d6d6a1a800 DEOPT UNPACKING pc=0x000001d6bccca95e sp=0x00000046171f6368 mode 0
Event: 41.545 Thread 0x000001d6d6a1a800 Uncommon trap: trap_request=0xffffffdc fr.pc=0x000001d6c4b772ec relative=0x00000000000002ac
Event: 41.545 Thread 0x000001d6d6a1a800 Uncommon trap: reason=class_check action=make_not_entrant pc=0x000001d6c4b772ec method=java.util.ArrayList.toArray([Ljava/lang/Object;)[Ljava/lang/Object; @ 21 c2
Event: 41.545 Thread 0x000001d6d6a1a800 DEOPT PACKING pc=0x000001d6c4b772ec sp=0x00000046171fae30
Event: 41.545 Thread 0x000001d6d6a1a800 DEOPT UNPACKING pc=0x000001d6bccca1af sp=0x00000046171fae00 mode 2
Event: 41.796 Thread 0x000001d6d6a1a800 Uncommon trap: trap_request=0xffffff4d fr.pc=0x000001d6c4a3c410 relative=0x0000000000001af0
Event: 41.796 Thread 0x000001d6d6a1a800 Uncommon trap: reason=unstable_if action=reinterpret pc=0x000001d6c4a3c410 method=sun.nio.fs.WindowsPathParser.normalize(Ljava/lang/StringBuilder;Ljava/lang/String;I)Ljava/lang/String; @ 172 c2
Event: 41.796 Thread 0x000001d6d6a1a800 DEOPT PACKING pc=0x000001d6c4a3c410 sp=0x00000046171f89f0
Event: 41.796 Thread 0x000001d6d6a1a800 DEOPT UNPACKING pc=0x000001d6bccca1af sp=0x00000046171f89e0 mode 2
Event: 41.828 Thread 0x000001d6d6a1a800 Uncommon trap: trap_request=0xffffff4d fr.pc=0x000001d6c4890c38 relative=0x0000000000000838
Event: 41.828 Thread 0x000001d6d6a1a800 Uncommon trap: reason=unstable_if action=reinterpret pc=0x000001d6c4890c38 method=java.util.jar.JarFile.getVersionedEntry(Ljava/lang/String;Ljava/util/jar/JarEntry;)Ljava/util/jar/JarEntry; @ 67 c2
Event: 41.828 Thread 0x000001d6d6a1a800 DEOPT PACKING pc=0x000001d6c4890c38 sp=0x00000046171f6d40
Event: 41.828 Thread 0x000001d6d6a1a800 DEOPT UNPACKING pc=0x000001d6bccca1af sp=0x00000046171f6d28 mode 2

Classes redefined (0 events):
No events

Internal exceptions (20 events):
Event: 40.286 Thread 0x000001d6d6a1a800 Exception <a 'java/lang/NoSuchMethodError'{0x000000008b021978}: <clinit>> (0x000000008b021978) thrown at [./src/hotspot/share/prims/jni.cpp, line 1366]
Event: 40.288 Thread 0x000001d6d6a1a800 Exception <a 'java/lang/NoSuchMethodError'{0x000000008b0381f0}: <clinit>> (0x000000008b0381f0) thrown at [./src/hotspot/share/prims/jni.cpp, line 1366]
Event: 40.290 Thread 0x000001d6d6a1a800 Exception <a 'java/lang/NoSuchMethodError'{0x000000008b0463a0}: <clinit>> (0x000000008b0463a0) thrown at [./src/hotspot/share/prims/jni.cpp, line 1366]
Event: 40.292 Thread 0x000001d6d6a1a800 Exception <a 'java/lang/NoSuchMethodError'{0x000000008b053b20}: <clinit>> (0x000000008b053b20) thrown at [./src/hotspot/share/prims/jni.cpp, line 1366]
Event: 40.355 Thread 0x000001d6d6a1a800 Exception <a 'java/lang/NoSuchMethodError'{0x000000008ac28808}: <clinit>> (0x000000008ac28808) thrown at [./src/hotspot/share/prims/jni.cpp, line 1366]
Event: 40.371 Thread 0x000001d6d6a1a800 Exception <a 'java/lang/ClassNotFoundException'{0x000000008ac968a8}: org/jetbrains/plugins/gradle/tooling/util/JavaPluginUtilBeanInfo> (0x000000008ac968a8) thrown at [./src/hotspot/share/classfile/systemDictionary.cpp, line 231]
Event: 40.372 Thread 0x000001d6d6a1a800 Exception <a 'java/lang/ClassNotFoundException'{0x000000008aca82f8}: org/jetbrains/plugins/gradle/tooling/util/JavaPluginUtilCustomizer> (0x000000008aca82f8) thrown at [./src/hotspot/share/classfile/systemDictionary.cpp, line 231]
Event: 40.405 Thread 0x000001d6d6a1a800 Exception <a 'java/lang/ClassNotFoundException'{0x000000008aa20eb8}: java/util/CollectionBeanInfo> (0x000000008aa20eb8) thrown at [./src/hotspot/share/classfile/systemDictionary.cpp, line 231]
Event: 40.406 Thread 0x000001d6d6a1a800 Exception <a 'java/lang/ClassNotFoundException'{0x000000008aa2a9e8}: java/util/CollectionCustomizer> (0x000000008aa2a9e8) thrown at [./src/hotspot/share/classfile/systemDictionary.cpp, line 231]
Event: 40.419 Thread 0x000001d6d6a1a800 Exception <a 'java/lang/ClassNotFoundException'{0x000000008aaa7828}: org/gradle/api/tasks/SourceSetBeanInfo> (0x000000008aaa7828) thrown at [./src/hotspot/share/classfile/systemDictionary.cpp, line 231]
Event: 40.419 Thread 0x000001d6d6a1a800 Exception <a 'java/lang/ClassNotFoundException'{0x000000008aac4a40}: org/gradle/api/tasks/SourceSetCustomizer> (0x000000008aac4a40) thrown at [./src/hotspot/share/classfile/systemDictionary.cpp, line 231]
Event: 40.422 Thread 0x000001d6d6a1a800 Exception <a 'java/lang/ClassNotFoundException'{0x000000008a940240}: java/util/LinkedHashMapBeanInfo> (0x000000008a940240) thrown at [./src/hotspot/share/classfile/systemDictionary.cpp, line 231]
Event: 40.422 Thread 0x000001d6d6a1a800 Exception <a 'java/lang/ClassNotFoundException'{0x000000008a9494d0}: java/util/HashMapBeanInfo> (0x000000008a9494d0) thrown at [./src/hotspot/share/classfile/systemDictionary.cpp, line 231]
Event: 40.423 Thread 0x000001d6d6a1a800 Exception <a 'java/lang/ClassNotFoundException'{0x000000008a952f88}: java/util/AbstractMapBeanInfo> (0x000000008a952f88) thrown at [./src/hotspot/share/classfile/systemDictionary.cpp, line 231]
Event: 40.423 Thread 0x000001d6d6a1a800 Exception <a 'java/lang/ClassNotFoundException'{0x000000008a95cd48}: java/util/AbstractMapCustomizer> (0x000000008a95cd48) thrown at [./src/hotspot/share/classfile/systemDictionary.cpp, line 231]
Event: 40.424 Thread 0x000001d6d6a1a800 Exception <a 'java/lang/ClassNotFoundException'{0x000000008a9702a8}: java/util/HashMapCustomizer> (0x000000008a9702a8) thrown at [./src/hotspot/share/classfile/systemDictionary.cpp, line 231]
Event: 40.425 Thread 0x000001d6d6a1a800 Exception <a 'java/lang/ClassNotFoundException'{0x000000008a9917f0}: java/util/LinkedHashMapCustomizer> (0x000000008a9917f0) thrown at [./src/hotspot/share/classfile/systemDictionary.cpp, line 231]
Event: 40.655 Thread 0x000001d6d6a1a800 Exception <a 'java/lang/NoSuchMethodError'{0x000000008b09fa38}: 'java.lang.Object java.lang.invoke.Invokers$Holder.linkToTargetMethod(java.lang.Object, java.lang.Object, java.lang.Object, java.lang.Object, java.lang.Object, java.lang.Object, java.lang.Object)'> (0x000000008b09fa38) thrown at [./src/hotspot/share/interpreter/linkResolver.cpp, line 773]
Event: 41.723 Thread 0x000001d6d6a1a800 Exception <a 'sun/nio/fs/WindowsException'{0x000000008a968750}> (0x000000008a968750) thrown at [./src/hotspot/share/prims/jni.cpp, line 616]
Event: 41.723 Thread 0x000001d6d6a1a800 Exception <a 'sun/nio/fs/WindowsException'{0x000000008a968d60}> (0x000000008a968d60) thrown at [./src/hotspot/share/prims/jni.cpp, line 616]

Events (20 events):
Event: 41.827 loading class javax/xml/bind/ContextFinder$1 done
Event: 41.827 loading class javax/xml/bind/GetPropertyAction
Event: 41.827 loading class javax/xml/bind/GetPropertyAction done
Event: 41.828 loading class javax/xml/bind/ModuleUtil
Event: 41.828 loading class javax/xml/bind/ModuleUtil done
Event: 41.832 loading class javax/xml/bind/JAXBContextFactory
Event: 41.832 loading class javax/xml/bind/JAXBContextFactory done
Event: 41.833 loading class javax/xml/bind/ServiceLoaderUtil
Event: 41.833 loading class javax/xml/bind/ServiceLoaderUtil done
Event: 41.835 loading class com/sun/xml/bind/v2/ContextFactory
Event: 41.835 loading class com/sun/xml/bind/v2/ContextFactory done
Event: 41.836 loading class com/sun/xml/bind/api/JAXBRIContext
Event: 41.836 loading class com/sun/xml/bind/api/JAXBRIContext done
Event: 41.838 loading class com/sun/xml/bind/v2/runtime/JAXBContextImpl
Event: 41.838 loading class com/sun/xml/bind/v2/runtime/JAXBContextImpl done
Event: 41.842 loading class com/sun/xml/bind/v2/model/annotation/RuntimeAnnotationReader
Event: 41.842 loading class com/sun/xml/bind/v2/model/annotation/RuntimeAnnotationReader done
Event: 41.843 loading class com/sun/xml/bind/v2/model/annotation/AnnotationReader
Event: 41.843 loading class com/sun/xml/bind/v2/model/annotation/AnnotationReader done
Event: 41.844 Executing VM operation: G1CollectForAllocation


Dynamic libraries:
0x00007ff6d7280000 - 0x00007ff6d728a000 	D:\apps\Android Studio\jre\bin\java.exe
0x00007ffe30290000 - 0x00007ffe304a4000 	C:\WINDOWS\SYSTEM32\ntdll.dll
0x00007ffe2ef70000 - 0x00007ffe2f033000 	C:\WINDOWS\System32\KERNEL32.DLL
0x00007ffe2d6a0000 - 0x00007ffe2da3c000 	C:\WINDOWS\System32\KERNELBASE.dll
0x00007ffe2df50000 - 0x00007ffe2e061000 	C:\WINDOWS\System32\ucrtbase.dll
0x00007ffe18260000 - 0x00007ffe18279000 	D:\apps\Android Studio\jre\bin\jli.dll
0x00007ffe18e60000 - 0x00007ffe18e77000 	D:\apps\Android Studio\jre\bin\VCRUNTIME140.dll
0x00007ffe2eb80000 - 0x00007ffe2ed2d000 	C:\WINDOWS\System32\USER32.dll
0x00007ffe163b0000 - 0x00007ffe1663e000 	C:\WINDOWS\WinSxS\amd64_microsoft.windows.common-controls_6595b64144ccf1df_6.0.22621.608_none_a9444ca7c10bb01d\COMCTL32.dll
0x00007ffe2df20000 - 0x00007ffe2df46000 	C:\WINDOWS\System32\win32u.dll
0x00007ffe2fb60000 - 0x00007ffe2fc07000 	C:\WINDOWS\System32\msvcrt.dll
0x00007ffe2fd70000 - 0x00007ffe2fd99000 	C:\WINDOWS\System32\GDI32.dll
0x00007ffe2da40000 - 0x00007ffe2db52000 	C:\WINDOWS\System32\gdi32full.dll
0x00007ffe2dc20000 - 0x00007ffe2dcba000 	C:\WINDOWS\System32\msvcp_win.dll
0x00007ffe301e0000 - 0x00007ffe30212000 	C:\WINDOWS\System32\IMM32.DLL
0x00007ffe10450000 - 0x00007ffe104ed000 	D:\apps\Android Studio\jre\bin\msvcp140.dll
0x00007ffde0ca0000 - 0x00007ffde17a2000 	D:\apps\Android Studio\jre\bin\server\jvm.dll
0x00007ffe2e820000 - 0x00007ffe2e8ce000 	C:\WINDOWS\System32\ADVAPI32.dll
0x00007ffe2e8d0000 - 0x00007ffe2e974000 	C:\WINDOWS\System32\sechost.dll
0x00007ffe2e700000 - 0x00007ffe2e815000 	C:\WINDOWS\System32\RPCRT4.dll
0x00007ffe2f360000 - 0x00007ffe2f368000 	C:\WINDOWS\System32\PSAPI.DLL
0x00007ffe25950000 - 0x00007ffe25984000 	C:\WINDOWS\SYSTEM32\WINMM.dll
0x00007ffe2b490000 - 0x00007ffe2b49a000 	C:\WINDOWS\SYSTEM32\VERSION.dll
0x00007ffe19440000 - 0x00007ffe19449000 	C:\WINDOWS\SYSTEM32\WSOCK32.dll
0x00007ffe2ed30000 - 0x00007ffe2eda1000 	C:\WINDOWS\System32\WS2_32.dll
0x00007ffe2c7e0000 - 0x00007ffe2c7f8000 	C:\WINDOWS\SYSTEM32\kernel.appcore.dll
0x00007ffe25e90000 - 0x00007ffe25ea1000 	D:\apps\Android Studio\jre\bin\verify.dll
0x00007ffe268e0000 - 0x00007ffe26b0e000 	C:\WINDOWS\SYSTEM32\DBGHELP.DLL
0x00007ffe2fda0000 - 0x00007ffe3012a000 	C:\WINDOWS\System32\combase.dll
0x00007ffe2f1b0000 - 0x00007ffe2f287000 	C:\WINDOWS\System32\OLEAUT32.dll
0x00007ffe26860000 - 0x00007ffe26892000 	C:\WINDOWS\SYSTEM32\dbgcore.DLL
0x00007ffe2de30000 - 0x00007ffe2deab000 	C:\WINDOWS\System32\bcryptPrimitives.dll
0x00007ffe1e6a0000 - 0x00007ffe1e6c9000 	D:\apps\Android Studio\jre\bin\java.dll
0x00007ffe2b300000 - 0x00007ffe2b30b000 	D:\apps\Android Studio\jre\bin\jimage.dll
0x00007ffe25910000 - 0x00007ffe25928000 	D:\apps\Android Studio\jre\bin\zip.dll
0x00007ffe2f370000 - 0x00007ffe2fb5f000 	C:\WINDOWS\System32\SHELL32.dll
0x00007ffe2b6d0000 - 0x00007ffe2bf98000 	C:\WINDOWS\SYSTEM32\windows.storage.dll
0x00007ffe2b590000 - 0x00007ffe2b6ce000 	C:\WINDOWS\SYSTEM32\wintypes.dll
0x00007ffe2f050000 - 0x00007ffe2f141000 	C:\WINDOWS\System32\SHCORE.dll
0x00007ffe2e6a0000 - 0x00007ffe2e6fe000 	C:\WINDOWS\System32\shlwapi.dll
0x00007ffe2d5d0000 - 0x00007ffe2d5f1000 	C:\WINDOWS\SYSTEM32\profapi.dll
0x00007ffe1e680000 - 0x00007ffe1e69a000 	D:\apps\Android Studio\jre\bin\net.dll
0x00007ffe27850000 - 0x00007ffe2797f000 	C:\WINDOWS\SYSTEM32\WINHTTP.dll
0x00007ffe2cc50000 - 0x00007ffe2ccb9000 	C:\WINDOWS\system32\mswsock.dll
0x00007ffe1e660000 - 0x00007ffe1e674000 	D:\apps\Android Studio\jre\bin\nio.dll
0x00007ffe22550000 - 0x00007ffe22577000 	D:\eigenfaces\FinalVersion\.gradle\native\8bec1ad78214c89d9ad589b4d07fe93259594b29d510b10fafb7a158f7737e5d\windows-amd64\native-platform.dll
0x00007ffe1e220000 - 0x00007ffe1e35d000 	D:\eigenfaces\FinalVersion\.gradle\native\53dbd7edfb1c66fb8903c78663c9afc45aea4f116125fa6feffd364cf09443e8\windows-amd64\native-platform-file-events.dll
0x00007ffe28700000 - 0x00007ffe2870a000 	D:\apps\Android Studio\jre\bin\management.dll
0x00007ffe285e0000 - 0x00007ffe285ed000 	D:\apps\Android Studio\jre\bin\management_ext.dll
0x00007ffe2ceb0000 - 0x00007ffe2cecb000 	C:\WINDOWS\SYSTEM32\CRYPTSP.dll
0x00007ffe2c750000 - 0x00007ffe2c785000 	C:\WINDOWS\system32\rsaenh.dll
0x00007ffe2cd40000 - 0x00007ffe2cd68000 	C:\WINDOWS\SYSTEM32\USERENV.dll
0x00007ffe2d040000 - 0x00007ffe2d068000 	C:\WINDOWS\SYSTEM32\bcrypt.dll
0x00007ffe2cea0000 - 0x00007ffe2ceac000 	C:\WINDOWS\SYSTEM32\CRYPTBASE.dll
0x00007ffe2c260000 - 0x00007ffe2c28d000 	C:\WINDOWS\SYSTEM32\IPHLPAPI.DLL
0x00007ffe2edb0000 - 0x00007ffe2edb9000 	C:\WINDOWS\System32\NSI.dll
0x00007ffe27830000 - 0x00007ffe27849000 	C:\WINDOWS\SYSTEM32\dhcpcsvc6.DLL
0x00007ffe27810000 - 0x00007ffe2782f000 	C:\WINDOWS\SYSTEM32\dhcpcsvc.DLL
0x00007ffe2c2d0000 - 0x00007ffe2c3c3000 	C:\WINDOWS\SYSTEM32\DNSAPI.dll

dbghelp: loaded successfully - version: 4.0.5 - missing functions: none
symbol engine: initialized successfully - sym options: 0x614 - pdb path: .;D:\apps\Android Studio\jre\bin;C:\WINDOWS\SYSTEM32;C:\WINDOWS\WinSxS\amd64_microsoft.windows.common-controls_6595b64144ccf1df_6.0.22621.608_none_a9444ca7c10bb01d;D:\apps\Android Studio\jre\bin\server;D:\eigenfaces\FinalVersion\.gradle\native\8bec1ad78214c89d9ad589b4d07fe93259594b29d510b10fafb7a158f7737e5d\windows-amd64;D:\eigenfaces\FinalVersion\.gradle\native\53dbd7edfb1c66fb8903c78663c9afc45aea4f116125fa6feffd364cf09443e8\windows-amd64

VM Arguments:
jvm_args: --add-opens=java.base/java.util=ALL-UNNAMED --add-opens=java.base/java.lang=ALL-UNNAMED --add-opens=java.base/java.lang.invoke=ALL-UNNAMED --add-opens=java.base/java.util=ALL-UNNAMED --add-opens=java.prefs/java.util.prefs=ALL-UNNAMED --add-opens=java.prefs/java.util.prefs=ALL-UNNAMED --add-opens=java.base/java.nio.charset=ALL-UNNAMED --add-opens=java.base/java.net=ALL-UNNAMED --add-opens=java.base/java.util.concurrent.atomic=ALL-UNNAMED -Xmx2048m -Dfile.encoding=UTF-8 -Duser.country=US -Duser.language=en -Duser.variant 
java_command: org.gradle.launcher.daemon.bootstrap.GradleDaemon 7.0.2
java_class_path (initial): D:\eigenfaces\FinalVersion\.gradle\wrapper\dists\gradle-7.0.2-bin\857tjihv64xamwrf0h14cai3r\gradle-7.0.2\lib\gradle-launcher-7.0.2.jar
Launcher Type: SUN_STANDARD

[Global flags]
     intx CICompilerCount                          = 3                                         {product} {ergonomic}
     uint ConcGCThreads                            = 1                                         {product} {ergonomic}
     uint G1ConcRefinementThreads                  = 4                                         {product} {ergonomic}
   size_t G1HeapRegionSize                         = 1048576                                   {product} {ergonomic}
    uintx GCDrainStackTargetSize                   = 64                                        {product} {ergonomic}
   size_t InitialHeapSize                          = 134217728                                 {product} {ergonomic}
   size_t MarkStackSize                            = 4194304                                   {product} {ergonomic}
   size_t MaxHeapSize                              = 2147483648                                {product} {command line}
   size_t MaxNewSize                               = 1287651328                                {product} {ergonomic}
   size_t MinHeapDeltaBytes                        = 1048576                                   {product} {ergonomic}
    uintx NonNMethodCodeHeapSize                   = 5830732                                {pd product} {ergonomic}
    uintx NonProfiledCodeHeapSize                  = 122913754                              {pd product} {ergonomic}
    uintx ProfiledCodeHeapSize                     = 122913754                              {pd product} {ergonomic}
    uintx ReservedCodeCacheSize                    = 251658240                              {pd product} {ergonomic}
     bool SegmentedCodeCache                       = true                                      {product} {ergonomic}
     bool UseCompressedClassPointers               = true                                 {lp64_product} {ergonomic}
     bool UseCompressedOops                        = true                                 {lp64_product} {ergonomic}
     bool UseG1GC                                  = true                                      {product} {ergonomic}
     bool UseLargePagesIndividualAllocation        = false                                  {pd product} {ergonomic}

Logging:
Log output configuration:
 #0: stdout all=warning uptime,level,tags
 #1: stderr all=off uptime,level,tags

Environment Variables:
JAVA_HOME=C:\Program Files\Java\jdk-19
PATH=C:\WINDOWS\system32;C:\WINDOWS;C:\WINDOWS\System32\Wbem;C:\WINDOWS\System32\WindowsPowerShell\v1.0\;C:\WINDOWS\System32\OpenSSH\;C:\Program Files (x86)\dotnet\;C:\Program Files\Git\cmd;C:\Program Files\Java\jre7\bin;C:\Program Files\Java\jdk-19\bin;C:\Program Files\gradle-7.5.1\bin;C:\Program Files\dotnet\;C:\Users\Kimani Muchemi\Downloads\Compressed\scrcpy-win64-v1.25\scrcpy-win64-v1.25;C:\Users\Kimani Muchemi\AppData\Local\Microsoft\WindowsApps;D:\apps\flutter\bin;C:\Program Files\Azure Data Studio\bin;C:\Program Files\Azure Data Studio\bin;D:\apps\Microsoft VS Code\bin;
USERNAME=Kimani Muchemi
OS=Windows_NT
PROCESSOR_IDENTIFIER=Intel64 Family 6 Model 61 Stepping 4, GenuineIntel



---------------  S Y S T E M  ---------------

OS: Windows 11 , 64 bit Build 22621 (10.0.22621.1194)
OS uptime: 4 days 8:08 hours

CPU:total 4 (initial active 4) (2 cores per cpu, 2 threads per core) family 6 model 61 stepping 4 microcode 0x2f, cmov, cx8, fxsr, mmx, sse, sse2, sse3, ssse3, sse4.1, sse4.2, popcnt, avx, avx2, aes, clmul, erms, rtm, 3dnowpref, lzcnt, ht, tsc, tscinvbit, bmi1, bmi2, adx, fma

Memory: 4k page, system-wide physical 8066M (288M free)
TotalPageFile size 9666M (AvailPageFile size 24M)
current process WorkingSet (physical memory assigned to process): 394M, peak: 394M
current process commit charge ("private bytes"): 433M, peak: 478M

vm_info: OpenJDK 64-Bit Server VM (11.0.13+0-b1751.21-8125866) for windows-amd64 JRE (11.0.13+0-b1751.21-8125866), built on Feb  2 2022 03:00:22 by "builder" with MS VC++ 14.0 (VS2015)

END.
