#
# There is insufficient memory for the Java Runtime Environment to continue.
# Native memory allocation (malloc) failed to allocate 818816 bytes for Chunk::new
# Possible reasons:
#   The system is out of physical RAM or swap space
#   The process is running with CompressedOops enabled, and the Java Heap may be blocking the growth of the native heap
# Possible solutions:
#   Reduce memory load on the system
#   Increase physical memory or swap space
#   Check if swap backing store is full
#   Decrease Java heap size (-Xmx/-Xms)
#   Decrease number of Java threads
#   Decrease Java thread stack sizes (-Xss)
#   Set larger code cache with -XX:ReservedCodeCacheSize=
#   JVM is running with Unscaled Compressed Oops mode in which the Java heap is
#     placed in the first 4GB address space. The Java Heap base address is the
#     maximum limit for the native heap growth. Please use -XX:HeapBaseMinAddress
#     to set the Java Heap base and to place the Java Heap above 4GB virtual address.
# This output file may be truncated or incomplete.
#
#  Out of Memory Error (./src/hotspot/share/memory/arena.cpp:197), pid=11864, tid=16416
#
# JRE version: OpenJDK Runtime Environment (11.0.13) (build 11.0.13+0-b1751.21-8125866)
# Java VM: OpenJDK 64-Bit Server VM (11.0.13+0-b1751.21-8125866, mixed mode, tiered, compressed oops, g1 gc, windows-amd64)
# No core dump will be written. Minidumps are not enabled by default on client versions of Windows
#

---------------  S U M M A R Y ------------

Command Line: --add-opens=java.base/java.util=ALL-UNNAMED --add-opens=java.base/java.lang=ALL-UNNAMED --add-opens=java.base/java.lang.invoke=ALL-UNNAMED --add-opens=java.base/java.util=ALL-UNNAMED --add-opens=java.prefs/java.util.prefs=ALL-UNNAMED --add-opens=java.prefs/java.util.prefs=ALL-UNNAMED --add-opens=java.base/java.nio.charset=ALL-UNNAMED --add-opens=java.base/java.net=ALL-UNNAMED --add-opens=java.base/java.util.concurrent.atomic=ALL-UNNAMED -Xmx2048m -Dfile.encoding=UTF-8 -Duser.country=US -Duser.language=en -Duser.variant org.gradle.launcher.daemon.bootstrap.GradleDaemon 7.0.2

Host: Intel(R) Core(TM) i5-5300U CPU @ 2.30GHz, 4 cores, 7G,  Windows 11 , 64 bit Build 22621 (10.0.22621.1194)
Time: Sun Feb 19 10:41:01 2023 E. Africa Standard Time elapsed time: 9.233475 seconds (0d 0h 0m 9s)

---------------  T H R E A D  ---------------

Current thread (0x0000027374a26000):  JavaThread "C2 CompilerThread0" daemon [_thread_in_native, id=16416, stack(0x00000086e3700000,0x00000086e3800000)]


Current CompileTask:
C2:   9233 2459   !   4       java.net.URL::<init> (543 bytes)

Stack: [0x00000086e3700000,0x00000086e3800000]
Native frames: (J=compiled Java code, j=interpreted, Vv=VM code, C=native code)
V  [jvm.dll+0x6100fa]
V  [jvm.dll+0x747090]
V  [jvm.dll+0x7486ad]
V  [jvm.dll+0x748d83]
V  [jvm.dll+0x24ab48]
V  [jvm.dll+0xc04dc]
V  [jvm.dll+0xc0a0c]
V  [jvm.dll+0x2bfab4]
V  [jvm.dll+0x524238]
V  [jvm.dll+0x20b193]
V  [jvm.dll+0x204ca0]
V  [jvm.dll+0x2023c2]
V  [jvm.dll+0x188e01]
V  [jvm.dll+0x21106b]
V  [jvm.dll+0x20f8c1]
V  [jvm.dll+0x70de0f]
V  [jvm.dll+0x706a75]
V  [jvm.dll+0x60ed66]
C  [ucrtbase.dll+0x29363]
C  [KERNEL32.DLL+0x126bd]
C  [ntdll.dll+0x5dfb8]


---------------  P R O C E S S  ---------------

Threads class SMR info:
_java_thread_list=0x0000027378bac860, length=32, elements={
0x000002735adfb000, 0x00000273749ff000, 0x0000027374a0b000, 0x0000027375383800,
0x0000027374a1b000, 0x0000027374a1f000, 0x0000027374a26000, 0x0000027374a28800,
0x0000027374a2b800, 0x00000273754ba000, 0x000002737661e800, 0x0000027376c01000,
0x0000027377fb4800, 0x00000273755b4800, 0x0000027376d8a000, 0x0000027376d31000,
0x000002737662b000, 0x00000273771ac000, 0x00000273774b4800, 0x0000027376a55000,
0x0000027375d1f000, 0x0000027375d21800, 0x0000027375d20000, 0x0000027375d1e800,
0x0000027375d1d800, 0x0000027375d21000, 0x0000027375d1c000, 0x0000027375d22800,
0x0000027375d1c800, 0x0000027376591800, 0x0000027376595800, 0x0000027376598000
}

Java Threads: ( => current thread )
  0x000002735adfb000 JavaThread "main" [_thread_blocked, id=13480, stack(0x00000086e2b00000,0x00000086e2c00000)]
  0x00000273749ff000 JavaThread "Reference Handler" daemon [_thread_blocked, id=17236, stack(0x00000086e3200000,0x00000086e3300000)]
  0x0000027374a0b000 JavaThread "Finalizer" daemon [_thread_blocked, id=8112, stack(0x00000086e3300000,0x00000086e3400000)]
  0x0000027375383800 JavaThread "Signal Dispatcher" daemon [_thread_blocked, id=17988, stack(0x00000086e3400000,0x00000086e3500000)]
  0x0000027374a1b000 JavaThread "Attach Listener" daemon [_thread_blocked, id=14360, stack(0x00000086e3500000,0x00000086e3600000)]
  0x0000027374a1f000 JavaThread "Service Thread" daemon [_thread_blocked, id=8176, stack(0x00000086e3600000,0x00000086e3700000)]
=>0x0000027374a26000 JavaThread "C2 CompilerThread0" daemon [_thread_in_native, id=16416, stack(0x00000086e3700000,0x00000086e3800000)]
  0x0000027374a28800 JavaThread "C1 CompilerThread0" daemon [_thread_blocked, id=17472, stack(0x00000086e3800000,0x00000086e3900000)]
  0x0000027374a2b800 JavaThread "Sweeper thread" daemon [_thread_blocked, id=16496, stack(0x00000086e3900000,0x00000086e3a00000)]
  0x00000273754ba000 JavaThread "Common-Cleaner" daemon [_thread_blocked, id=17092, stack(0x00000086e3a00000,0x00000086e3b00000)]
  0x000002737661e800 JavaThread "Daemon health stats" [_thread_blocked, id=15936, stack(0x00000086e3f00000,0x00000086e4000000)]
  0x0000027376c01000 JavaThread "Incoming local TCP Connector on port 49176" [_thread_in_native, id=9236, stack(0x00000086e3c00000,0x00000086e3d00000)]
  0x0000027377fb4800 JavaThread "Daemon periodic checks" [_thread_blocked, id=15376, stack(0x00000086e4000000,0x00000086e4100000)]
  0x00000273755b4800 JavaThread "Daemon" [_thread_blocked, id=3100, stack(0x00000086e4100000,0x00000086e4200000)]
  0x0000027376d8a000 JavaThread "Handler for socket connection from /127.0.0.1:49176 to /127.0.0.1:49177" [_thread_in_native, id=5368, stack(0x00000086e4200000,0x00000086e4300000)]
  0x0000027376d31000 JavaThread "Cancel handler" [_thread_blocked, id=6516, stack(0x00000086e4300000,0x00000086e4400000)]
  0x000002737662b000 JavaThread "Daemon worker" [_thread_in_native, id=13872, stack(0x00000086e4400000,0x00000086e4500000)]
  0x00000273771ac000 JavaThread "Asynchronous log dispatcher for DefaultDaemonConnection: socket connection from /127.0.0.1:49176 to /127.0.0.1:49177" [_thread_blocked, id=13688, stack(0x00000086e4500000,0x00000086e4600000)]
  0x00000273774b4800 JavaThread "Stdin handler" [_thread_blocked, id=13256, stack(0x00000086e4600000,0x00000086e4700000)]
  0x0000027376a55000 JavaThread "Daemon client event forwarder" [_thread_blocked, id=11292, stack(0x00000086e4700000,0x00000086e4800000)]
  0x0000027375d1f000 JavaThread "Cache worker for file hash cache (D:\eigenfaces\FinalVersion\.gradle\caches\7.0.2\fileHashes)" [_thread_blocked, id=7808, stack(0x00000086e4900000,0x00000086e4a00000)]
  0x0000027375d21800 JavaThread "File lock request listener" [_thread_in_native, id=916, stack(0x00000086e4a00000,0x00000086e4b00000)]
  0x0000027375d20000 JavaThread "Cache worker for journal cache (D:\eigenfaces\FinalVersion\.gradle\caches\journal-1)" [_thread_blocked, id=8464, stack(0x00000086e4b00000,0x00000086e4c00000)]
  0x0000027375d1e800 JavaThread "Cache worker for file hash cache (D:\AppsAndroid\MobileFaceBank\.gradle\7.0.2\fileHashes)" [_thread_blocked, id=18404, stack(0x00000086e4d00000,0x00000086e4e00000)]
  0x0000027375d1d800 JavaThread "File watcher server" daemon [_thread_in_native, id=3740, stack(0x00000086e4e00000,0x00000086e4f00000)]
  0x0000027375d21000 JavaThread "File watcher consumer" daemon [_thread_blocked, id=13276, stack(0x00000086e4f00000,0x00000086e5000000)]
  0x0000027375d1c000 JavaThread "jar transforms" [_thread_blocked, id=10580, stack(0x00000086e5000000,0x00000086e5100000)]
  0x0000027375d22800 JavaThread "jar transforms Thread 2" [_thread_blocked, id=13408, stack(0x00000086e5100000,0x00000086e5200000)]
  0x0000027375d1c800 JavaThread "jar transforms Thread 3" [_thread_blocked, id=18200, stack(0x00000086e5200000,0x00000086e5300000)]
  0x0000027376591800 JavaThread "jar transforms Thread 4" [_thread_blocked, id=14012, stack(0x00000086e5300000,0x00000086e5400000)]
  0x0000027376595800 JavaThread "Cache worker for checksums cache (D:\AppsAndroid\MobileFaceBank\.gradle\checksums)" [_thread_blocked, id=15148, stack(0x00000086e4c00000,0x00000086e4d00000)]
  0x0000027376598000 JavaThread "Cache worker for cache directory md-supplier (D:\eigenfaces\FinalVersion\.gradle\caches\7.0.2\md-supplier)" [_thread_blocked, id=18224, stack(0x00000086e5400000,0x00000086e5500000)]

Other Threads:
  0x00000273749f8800 VMThread "VM Thread" [stack: 0x00000086e3100000,0x00000086e3200000] [id=3764]
  0x00000273754e2800 WatcherThread [stack: 0x00000086e3b00000,0x00000086e3c00000] [id=16160]
  0x000002735ae13800 GCTaskThread "GC Thread#0" [stack: 0x00000086e2c00000,0x00000086e2d00000] [id=2312]
  0x0000027375cd5000 GCTaskThread "GC Thread#1" [stack: 0x00000086e3d00000,0x00000086e3e00000] [id=10172]
  0x00000273756f1800 GCTaskThread "GC Thread#2" [stack: 0x00000086e3e00000,0x00000086e3f00000] [id=14632]
  0x0000027377527800 GCTaskThread "GC Thread#3" [stack: 0x00000086e4800000,0x00000086e4900000] [id=16332]
  0x000002735ae46000 ConcurrentGCThread "G1 Main Marker" [stack: 0x00000086e2d00000,0x00000086e2e00000] [id=2628]
  0x000002735ae47000 ConcurrentGCThread "G1 Conc#0" [stack: 0x00000086e2e00000,0x00000086e2f00000] [id=16912]
  0x000002735aec6800 ConcurrentGCThread "G1 Refine#0" [stack: 0x00000086e2f00000,0x00000086e3000000] [id=7264]
  0x000002735aec7000 ConcurrentGCThread "G1 Young RemSet Sampling" [stack: 0x00000086e3000000,0x00000086e3100000] [id=10080]

Threads with active compile tasks:
C2 CompilerThread0   9282 2459   !   4       java.net.URL::<init> (543 bytes)

VM state:not at safepoint (normal execution)

VM Mutex/Monitor currently owned by a thread: None

Heap address: 0x0000000080000000, size: 2048 MB, Compressed Oops mode: 32-bit
Narrow klass base: 0x0000000000000000, Narrow klass shift: 3
Compressed class space size: 1073741824 Address: 0x0000000100000000

Heap:
 garbage-first heap   total 131072K, used 68678K [0x0000000080000000, 0x0000000100000000)
  region size 1024K, 35 young (35840K), 3 survivors (3072K)
 Metaspace       used 27810K, capacity 28628K, committed 28796K, reserved 1075200K
  class space    used 3643K, capacity 3937K, committed 4044K, reserved 1048576K
Heap Regions: E=young(eden), S=young(survivor), O=old, HS=humongous(starts), HC=humongous(continues), CS=collection set, F=free, A=archive, TAMS=top-at-mark-start (previous, next)
|   0|0x0000000080000000, 0x0000000080100000, 0x0000000080100000|100%| O|  |TAMS 0x0000000080100000, 0x0000000080000000| Untracked 
|   1|0x0000000080100000, 0x0000000080200000, 0x0000000080200000|100%| O|  |TAMS 0x0000000080200000, 0x0000000080100000| Untracked 
|   2|0x0000000080200000, 0x0000000080300000, 0x0000000080300000|100%| O|  |TAMS 0x0000000080300000, 0x0000000080200000| Untracked 
|   3|0x0000000080300000, 0x0000000080400000, 0x0000000080400000|100%|HS|  |TAMS 0x0000000080400000, 0x0000000080300000| Complete 
|   4|0x0000000080400000, 0x0000000080500000, 0x0000000080500000|100%|HC|  |TAMS 0x0000000080500000, 0x0000000080400000| Complete 
|   5|0x0000000080500000, 0x0000000080600000, 0x0000000080600000|100%|HC|  |TAMS 0x0000000080600000, 0x0000000080500000| Complete 
|   6|0x0000000080600000, 0x0000000080700000, 0x0000000080700000|100%| O|  |TAMS 0x0000000080700000, 0x0000000080600000| Untracked 
|   7|0x0000000080700000, 0x0000000080800000, 0x0000000080800000|100%| O|  |TAMS 0x0000000080800000, 0x0000000080700000| Untracked 
|   8|0x0000000080800000, 0x0000000080900000, 0x0000000080900000|100%| O|  |TAMS 0x0000000080900000, 0x0000000080800000| Untracked 
|   9|0x0000000080900000, 0x0000000080a00000, 0x0000000080a00000|100%| O|  |TAMS 0x0000000080a00000, 0x0000000080900000| Untracked 
|  10|0x0000000080a00000, 0x0000000080b00000, 0x0000000080b00000|100%| O|  |TAMS 0x0000000080b00000, 0x0000000080a00000| Untracked 
|  11|0x0000000080b00000, 0x0000000080c00000, 0x0000000080c00000|100%| O|  |TAMS 0x0000000080c00000, 0x0000000080b00000| Untracked 
|  12|0x0000000080c00000, 0x0000000080d00000, 0x0000000080d00000|100%| O|  |TAMS 0x0000000080c00000, 0x0000000080c00000| Untracked 
|  13|0x0000000080d00000, 0x0000000080e00000, 0x0000000080e00000|100%| O|  |TAMS 0x0000000080d00000, 0x0000000080d00000| Untracked 
|  14|0x0000000080e00000, 0x0000000080f00000, 0x0000000080f00000|100%| O|  |TAMS 0x0000000080e00000, 0x0000000080e00000| Untracked 
|  15|0x0000000080f00000, 0x0000000081000000, 0x0000000081000000|100%| O|  |TAMS 0x0000000080f00000, 0x0000000080f00000| Untracked 
|  16|0x0000000081000000, 0x000000008103aa00, 0x0000000081100000| 22%| O|  |TAMS 0x0000000081000000, 0x0000000081000000| Untracked 
|  17|0x0000000081100000, 0x0000000081200000, 0x0000000081200000|100%|HS|  |TAMS 0x0000000081100000, 0x0000000081100000| Complete 
|  18|0x0000000081200000, 0x0000000081300000, 0x0000000081300000|100%|HC|  |TAMS 0x0000000081200000, 0x0000000081200000| Complete 
|  19|0x0000000081300000, 0x0000000081400000, 0x0000000081400000|100%|HS|  |TAMS 0x0000000081300000, 0x0000000081300000| Complete 
|  20|0x0000000081400000, 0x0000000081500000, 0x0000000081500000|100%|HC|  |TAMS 0x0000000081400000, 0x0000000081400000| Complete 
|  21|0x0000000081500000, 0x0000000081600000, 0x0000000081600000|100%|HC|  |TAMS 0x0000000081500000, 0x0000000081500000| Complete 
|  22|0x0000000081600000, 0x0000000081700000, 0x0000000081700000|100%|HS|  |TAMS 0x0000000081600000, 0x0000000081600000| Complete 
|  23|0x0000000081700000, 0x0000000081800000, 0x0000000081800000|100%|HC|  |TAMS 0x0000000081700000, 0x0000000081700000| Complete 
|  24|0x0000000081800000, 0x0000000081900000, 0x0000000081900000|100%|HC|  |TAMS 0x0000000081800000, 0x0000000081800000| Complete 
|  25|0x0000000081900000, 0x0000000081a00000, 0x0000000081a00000|100%|HS|  |TAMS 0x0000000081900000, 0x0000000081900000| Complete 
|  26|0x0000000081a00000, 0x0000000081b00000, 0x0000000081b00000|100%|HC|  |TAMS 0x0000000081a00000, 0x0000000081a00000| Complete 
|  27|0x0000000081b00000, 0x0000000081c00000, 0x0000000081c00000|100%|HC|  |TAMS 0x0000000081b00000, 0x0000000081b00000| Complete 
|  28|0x0000000081c00000, 0x0000000081d00000, 0x0000000081d00000|100%|HC|  |TAMS 0x0000000081c00000, 0x0000000081c00000| Complete 
|  29|0x0000000081d00000, 0x0000000081e00000, 0x0000000081e00000|100%|HC|  |TAMS 0x0000000081d00000, 0x0000000081d00000| Complete 
|  30|0x0000000081e00000, 0x0000000081f00000, 0x0000000081f00000|100%|HS|  |TAMS 0x0000000081e00000, 0x0000000081e00000| Complete 
|  31|0x0000000081f00000, 0x0000000082000000, 0x0000000082000000|100%|HS|  |TAMS 0x0000000081f00000, 0x0000000081f00000| Complete 
|  32|0x0000000082000000, 0x0000000082100000, 0x0000000082100000|100%|HC|  |TAMS 0x0000000082000000, 0x0000000082000000| Complete 
|  33|0x0000000082100000, 0x0000000082200000, 0x0000000082200000|100%|HC|  |TAMS 0x0000000082100000, 0x0000000082100000| Complete 
|  34|0x0000000082200000, 0x0000000082300000, 0x0000000082300000|100%|HC|  |TAMS 0x0000000082200000, 0x0000000082200000| Complete 
|  35|0x0000000082300000, 0x0000000082300000, 0x0000000082400000|  0%| F|  |TAMS 0x0000000082300000, 0x0000000082300000| Untracked 
|  36|0x0000000082400000, 0x0000000082400000, 0x0000000082500000|  0%| F|  |TAMS 0x0000000082400000, 0x0000000082400000| Untracked 
|  37|0x0000000082500000, 0x0000000082500000, 0x0000000082600000|  0%| F|  |TAMS 0x0000000082500000, 0x0000000082500000| Untracked 
|  38|0x0000000082600000, 0x0000000082600000, 0x0000000082700000|  0%| F|  |TAMS 0x0000000082600000, 0x0000000082600000| Untracked 
|  39|0x0000000082700000, 0x0000000082700000, 0x0000000082800000|  0%| F|  |TAMS 0x0000000082700000, 0x0000000082700000| Untracked 
|  40|0x0000000082800000, 0x0000000082800000, 0x0000000082900000|  0%| F|  |TAMS 0x0000000082800000, 0x0000000082800000| Untracked 
|  41|0x0000000082900000, 0x0000000082900000, 0x0000000082a00000|  0%| F|  |TAMS 0x0000000082900000, 0x0000000082900000| Untracked 
|  42|0x0000000082a00000, 0x0000000082a00000, 0x0000000082b00000|  0%| F|  |TAMS 0x0000000082a00000, 0x0000000082a00000| Untracked 
|  43|0x0000000082b00000, 0x0000000082b00000, 0x0000000082c00000|  0%| F|  |TAMS 0x0000000082b00000, 0x0000000082b00000| Untracked 
|  44|0x0000000082c00000, 0x0000000082c00000, 0x0000000082d00000|  0%| F|  |TAMS 0x0000000082c00000, 0x0000000082c00000| Untracked 
|  45|0x0000000082d00000, 0x0000000082d00000, 0x0000000082e00000|  0%| F|  |TAMS 0x0000000082d00000, 0x0000000082d00000| Untracked 
|  46|0x0000000082e00000, 0x0000000082e00000, 0x0000000082f00000|  0%| F|  |TAMS 0x0000000082e00000, 0x0000000082e00000| Untracked 
|  47|0x0000000082f00000, 0x0000000082f00000, 0x0000000083000000|  0%| F|  |TAMS 0x0000000082f00000, 0x0000000082f00000| Untracked 
|  48|0x0000000083000000, 0x0000000083000000, 0x0000000083100000|  0%| F|  |TAMS 0x0000000083000000, 0x0000000083000000| Untracked 
|  49|0x0000000083100000, 0x0000000083100000, 0x0000000083200000|  0%| F|  |TAMS 0x0000000083100000, 0x0000000083100000| Untracked 
|  50|0x0000000083200000, 0x0000000083200000, 0x0000000083300000|  0%| F|  |TAMS 0x0000000083200000, 0x0000000083200000| Untracked 
|  51|0x0000000083300000, 0x0000000083300000, 0x0000000083400000|  0%| F|  |TAMS 0x0000000083300000, 0x0000000083300000| Untracked 
|  52|0x0000000083400000, 0x0000000083400000, 0x0000000083500000|  0%| F|  |TAMS 0x0000000083400000, 0x0000000083400000| Untracked 
|  53|0x0000000083500000, 0x0000000083500000, 0x0000000083600000|  0%| F|  |TAMS 0x0000000083500000, 0x0000000083500000| Untracked 
|  54|0x0000000083600000, 0x0000000083600000, 0x0000000083700000|  0%| F|  |TAMS 0x0000000083600000, 0x0000000083600000| Untracked 
|  55|0x0000000083700000, 0x0000000083700000, 0x0000000083800000|  0%| F|  |TAMS 0x0000000083700000, 0x0000000083700000| Untracked 
|  56|0x0000000083800000, 0x0000000083800000, 0x0000000083900000|  0%| F|  |TAMS 0x0000000083800000, 0x0000000083800000| Untracked 
|  57|0x0000000083900000, 0x0000000083900000, 0x0000000083a00000|  0%| F|  |TAMS 0x0000000083900000, 0x0000000083900000| Untracked 
|  58|0x0000000083a00000, 0x0000000083a00000, 0x0000000083b00000|  0%| F|  |TAMS 0x0000000083a00000, 0x0000000083a00000| Untracked 
|  59|0x0000000083b00000, 0x0000000083b00000, 0x0000000083c00000|  0%| F|  |TAMS 0x0000000083b00000, 0x0000000083b00000| Untracked 
|  60|0x0000000083c00000, 0x0000000083c00000, 0x0000000083d00000|  0%| F|  |TAMS 0x0000000083c00000, 0x0000000083c00000| Untracked 
|  61|0x0000000083d00000, 0x0000000083d00000, 0x0000000083e00000|  0%| F|  |TAMS 0x0000000083d00000, 0x0000000083d00000| Untracked 
|  62|0x0000000083e00000, 0x0000000083e00000, 0x0000000083f00000|  0%| F|  |TAMS 0x0000000083e00000, 0x0000000083e00000| Untracked 
|  63|0x0000000083f00000, 0x0000000083f00000, 0x0000000084000000|  0%| F|  |TAMS 0x0000000083f00000, 0x0000000083f00000| Untracked 
|  64|0x0000000084000000, 0x0000000084000000, 0x0000000084100000|  0%| F|  |TAMS 0x0000000084000000, 0x0000000084000000| Untracked 
|  65|0x0000000084100000, 0x0000000084100000, 0x0000000084200000|  0%| F|  |TAMS 0x0000000084100000, 0x0000000084100000| Untracked 
|  66|0x0000000084200000, 0x0000000084200000, 0x0000000084300000|  0%| F|  |TAMS 0x0000000084200000, 0x0000000084200000| Untracked 
|  67|0x0000000084300000, 0x0000000084300000, 0x0000000084400000|  0%| F|  |TAMS 0x0000000084300000, 0x0000000084300000| Untracked 
|  68|0x0000000084400000, 0x0000000084400000, 0x0000000084500000|  0%| F|  |TAMS 0x0000000084400000, 0x0000000084400000| Untracked 
|  69|0x0000000084500000, 0x0000000084500000, 0x0000000084600000|  0%| F|  |TAMS 0x0000000084500000, 0x0000000084500000| Untracked 
|  70|0x0000000084600000, 0x00000000846d6e70, 0x0000000084700000| 83%| S|CS|TAMS 0x0000000084600000, 0x0000000084600000| Complete 
|  71|0x0000000084700000, 0x0000000084800000, 0x0000000084800000|100%| S|CS|TAMS 0x0000000084700000, 0x0000000084700000| Complete 
|  72|0x0000000084800000, 0x0000000084900000, 0x0000000084900000|100%| S|CS|TAMS 0x0000000084800000, 0x0000000084800000| Complete 
|  73|0x0000000084900000, 0x0000000084900000, 0x0000000084a00000|  0%| F|  |TAMS 0x0000000084900000, 0x0000000084900000| Untracked 
|  74|0x0000000084a00000, 0x0000000084a00000, 0x0000000084b00000|  0%| F|  |TAMS 0x0000000084a00000, 0x0000000084a00000| Untracked 
|  75|0x0000000084b00000, 0x0000000084b00000, 0x0000000084c00000|  0%| F|  |TAMS 0x0000000084b00000, 0x0000000084b00000| Untracked 
|  76|0x0000000084c00000, 0x0000000084c00000, 0x0000000084d00000|  0%| F|  |TAMS 0x0000000084c00000, 0x0000000084c00000| Untracked 
|  77|0x0000000084d00000, 0x0000000084d00000, 0x0000000084e00000|  0%| F|  |TAMS 0x0000000084d00000, 0x0000000084d00000| Untracked 
|  78|0x0000000084e00000, 0x0000000084e00000, 0x0000000084f00000|  0%| F|  |TAMS 0x0000000084e00000, 0x0000000084e00000| Untracked 
|  79|0x0000000084f00000, 0x0000000084f00000, 0x0000000085000000|  0%| F|  |TAMS 0x0000000084f00000, 0x0000000084f00000| Untracked 
|  80|0x0000000085000000, 0x0000000085000000, 0x0000000085100000|  0%| F|  |TAMS 0x0000000085000000, 0x0000000085000000| Untracked 
|  81|0x0000000085100000, 0x0000000085100000, 0x0000000085200000|  0%| F|  |TAMS 0x0000000085100000, 0x0000000085100000| Untracked 
|  82|0x0000000085200000, 0x0000000085200000, 0x0000000085300000|  0%| F|  |TAMS 0x0000000085200000, 0x0000000085200000| Untracked 
|  83|0x0000000085300000, 0x0000000085300000, 0x0000000085400000|  0%| F|  |TAMS 0x0000000085300000, 0x0000000085300000| Untracked 
|  84|0x0000000085400000, 0x0000000085400000, 0x0000000085500000|  0%| F|  |TAMS 0x0000000085400000, 0x0000000085400000| Untracked 
|  85|0x0000000085500000, 0x0000000085500000, 0x0000000085600000|  0%| F|  |TAMS 0x0000000085500000, 0x0000000085500000| Untracked 
|  86|0x0000000085600000, 0x0000000085600000, 0x0000000085700000|  0%| F|  |TAMS 0x0000000085600000, 0x0000000085600000| Untracked 
|  87|0x0000000085700000, 0x0000000085700000, 0x0000000085800000|  0%| F|  |TAMS 0x0000000085700000, 0x0000000085700000| Untracked 
|  88|0x0000000085800000, 0x0000000085800000, 0x0000000085900000|  0%| F|  |TAMS 0x0000000085800000, 0x0000000085800000| Untracked 
|  89|0x0000000085900000, 0x0000000085900000, 0x0000000085a00000|  0%| F|  |TAMS 0x0000000085900000, 0x0000000085900000| Untracked 
|  90|0x0000000085a00000, 0x0000000085a00000, 0x0000000085b00000|  0%| F|  |TAMS 0x0000000085a00000, 0x0000000085a00000| Untracked 
|  91|0x0000000085b00000, 0x0000000085b00000, 0x0000000085c00000|  0%| F|  |TAMS 0x0000000085b00000, 0x0000000085b00000| Untracked 
|  92|0x0000000085c00000, 0x0000000085c00000, 0x0000000085d00000|  0%| F|  |TAMS 0x0000000085c00000, 0x0000000085c00000| Untracked 
|  93|0x0000000085d00000, 0x0000000085d00000, 0x0000000085e00000|  0%| F|  |TAMS 0x0000000085d00000, 0x0000000085d00000| Untracked 
|  94|0x0000000085e00000, 0x0000000085e00000, 0x0000000085f00000|  0%| F|  |TAMS 0x0000000085e00000, 0x0000000085e00000| Untracked 
|  95|0x0000000085f00000, 0x0000000085f00000, 0x0000000086000000|  0%| F|  |TAMS 0x0000000085f00000, 0x0000000085f00000| Untracked 
|  96|0x0000000086000000, 0x0000000086080800, 0x0000000086100000| 50%| E|  |TAMS 0x0000000086000000, 0x0000000086000000| Complete 
|  97|0x0000000086100000, 0x0000000086200000, 0x0000000086200000|100%| E|CS|TAMS 0x0000000086100000, 0x0000000086100000| Complete 
|  98|0x0000000086200000, 0x0000000086300000, 0x0000000086300000|100%| E|CS|TAMS 0x0000000086200000, 0x0000000086200000| Complete 
|  99|0x0000000086300000, 0x0000000086400000, 0x0000000086400000|100%| E|CS|TAMS 0x0000000086300000, 0x0000000086300000| Complete 
| 100|0x0000000086400000, 0x0000000086500000, 0x0000000086500000|100%| E|CS|TAMS 0x0000000086400000, 0x0000000086400000| Complete 
| 101|0x0000000086500000, 0x0000000086600000, 0x0000000086600000|100%| E|CS|TAMS 0x0000000086500000, 0x0000000086500000| Complete 
| 102|0x0000000086600000, 0x0000000086700000, 0x0000000086700000|100%| E|CS|TAMS 0x0000000086600000, 0x0000000086600000| Complete 
| 103|0x0000000086700000, 0x0000000086800000, 0x0000000086800000|100%| E|CS|TAMS 0x0000000086700000, 0x0000000086700000| Complete 
| 104|0x0000000086800000, 0x0000000086900000, 0x0000000086900000|100%| E|CS|TAMS 0x0000000086800000, 0x0000000086800000| Complete 
| 105|0x0000000086900000, 0x0000000086a00000, 0x0000000086a00000|100%| E|CS|TAMS 0x0000000086900000, 0x0000000086900000| Complete 
| 106|0x0000000086a00000, 0x0000000086b00000, 0x0000000086b00000|100%| E|CS|TAMS 0x0000000086a00000, 0x0000000086a00000| Complete 
| 107|0x0000000086b00000, 0x0000000086c00000, 0x0000000086c00000|100%| E|CS|TAMS 0x0000000086b00000, 0x0000000086b00000| Complete 
| 108|0x0000000086c00000, 0x0000000086d00000, 0x0000000086d00000|100%| E|CS|TAMS 0x0000000086c00000, 0x0000000086c00000| Complete 
| 109|0x0000000086d00000, 0x0000000086e00000, 0x0000000086e00000|100%| E|CS|TAMS 0x0000000086d00000, 0x0000000086d00000| Complete 
| 110|0x0000000086e00000, 0x0000000086f00000, 0x0000000086f00000|100%| E|CS|TAMS 0x0000000086e00000, 0x0000000086e00000| Complete 
| 111|0x0000000086f00000, 0x0000000087000000, 0x0000000087000000|100%| E|CS|TAMS 0x0000000086f00000, 0x0000000086f00000| Complete 
| 112|0x0000000087000000, 0x0000000087100000, 0x0000000087100000|100%| E|CS|TAMS 0x0000000087000000, 0x0000000087000000| Complete 
| 113|0x0000000087100000, 0x0000000087200000, 0x0000000087200000|100%| E|CS|TAMS 0x0000000087100000, 0x0000000087100000| Complete 
| 114|0x0000000087200000, 0x0000000087300000, 0x0000000087300000|100%| E|CS|TAMS 0x0000000087200000, 0x0000000087200000| Complete 
| 115|0x0000000087300000, 0x0000000087400000, 0x0000000087400000|100%| E|CS|TAMS 0x0000000087300000, 0x0000000087300000| Complete 
| 116|0x0000000087400000, 0x0000000087500000, 0x0000000087500000|100%| E|CS|TAMS 0x0000000087400000, 0x0000000087400000| Complete 
| 117|0x0000000087500000, 0x0000000087600000, 0x0000000087600000|100%| E|CS|TAMS 0x0000000087500000, 0x0000000087500000| Complete 
| 118|0x0000000087600000, 0x0000000087700000, 0x0000000087700000|100%| E|CS|TAMS 0x0000000087600000, 0x0000000087600000| Complete 
| 119|0x0000000087700000, 0x0000000087800000, 0x0000000087800000|100%| E|  |TAMS 0x0000000087700000, 0x0000000087700000| Complete 
| 120|0x0000000087800000, 0x0000000087900000, 0x0000000087900000|100%| E|CS|TAMS 0x0000000087800000, 0x0000000087800000| Complete 
| 121|0x0000000087900000, 0x0000000087a00000, 0x0000000087a00000|100%| E|CS|TAMS 0x0000000087900000, 0x0000000087900000| Complete 
| 122|0x0000000087a00000, 0x0000000087b00000, 0x0000000087b00000|100%| E|CS|TAMS 0x0000000087a00000, 0x0000000087a00000| Complete 
| 123|0x0000000087b00000, 0x0000000087c00000, 0x0000000087c00000|100%| E|CS|TAMS 0x0000000087b00000, 0x0000000087b00000| Complete 
| 124|0x0000000087c00000, 0x0000000087d00000, 0x0000000087d00000|100%| E|CS|TAMS 0x0000000087c00000, 0x0000000087c00000| Complete 
| 125|0x0000000087d00000, 0x0000000087e00000, 0x0000000087e00000|100%| E|CS|TAMS 0x0000000087d00000, 0x0000000087d00000| Complete 
| 126|0x0000000087e00000, 0x0000000087f00000, 0x0000000087f00000|100%| E|CS|TAMS 0x0000000087e00000, 0x0000000087e00000| Complete 
| 127|0x0000000087f00000, 0x0000000088000000, 0x0000000088000000|100%| E|CS|TAMS 0x0000000087f00000, 0x0000000087f00000| Complete 

Card table byte_map: [0x000002736dd10000,0x000002736e110000] _byte_map_base: 0x000002736d910000

Marking Bits (Prev, Next): (CMBitMap*) 0x000002735ae3d1b0, (CMBitMap*) 0x000002735ae3d178
 Prev Bits: [0x0000027370510000, 0x0000027372510000)
 Next Bits: [0x000002736e510000, 0x0000027370510000)

Polling page: 0x0000027358d90000

Metaspace:

Usage:
  Non-class:     24.11 MB capacity,    23.60 MB ( 98%) used,   457.08 KB (  2%) free+waste,    64.38 KB ( <1%) overhead. 
      Class:      3.84 MB capacity,     3.56 MB ( 93%) used,   260.59 KB (  7%) free+waste,    32.63 KB ( <1%) overhead. 
       Both:     27.96 MB capacity,    27.16 MB ( 97%) used,   717.67 KB (  3%) free+waste,    97.00 KB ( <1%) overhead. 

Virtual space:
  Non-class space:       26.00 MB reserved,      24.17 MB ( 93%) committed 
      Class space:        1.00 GB reserved,       3.95 MB ( <1%) committed 
             Both:        1.03 GB reserved,      28.12 MB (  3%) committed 

Chunk freelists:
   Non-Class:  61.00 KB
       Class:  0 bytes
        Both:  61.00 KB

MaxMetaspaceSize: 17179869184.00 GB
CompressedClassSpaceSize: 1.00 GB
Initial GC threshold: 20.80 MB
Current GC threshold: 35.20 MB
CDS: off

CodeHeap 'non-profiled nmethods': size=120064Kb used=1362Kb max_used=1362Kb free=118702Kb
 bounds [0x00000273663d0000, 0x0000027366640000, 0x000002736d910000]
CodeHeap 'profiled nmethods': size=120000Kb used=5275Kb max_used=5275Kb free=114724Kb
 bounds [0x000002735eea0000, 0x000002735f3d0000, 0x00000273663d0000]
CodeHeap 'non-nmethods': size=5696Kb used=1223Kb max_used=1306Kb free=4472Kb
 bounds [0x000002735e910000, 0x000002735eb80000, 0x000002735eea0000]
 total_blobs=2996 nmethods=2491 adapters=417
 compilation: enabled
              stopped_count=0, restarted_count=0
 full_count=0

Compilation events (20 events):
Event: 9.013 Thread 0x0000027374a28800 2467       3       java.lang.invoke.MethodHandles$Lookup::checkMethod (83 bytes)
Event: 9.014 Thread 0x0000027374a28800 nmethod 2467 0x000002735f3b5910 code [0x000002735f3b5b40, 0x000002735f3b6298]
Event: 9.061 Thread 0x0000027374a28800 2473       3       jdk.internal.org.objectweb.asm.ClassWriter::toByteArray (1423 bytes)
Event: 9.070 Thread 0x0000027374a28800 nmethod 2473 0x000002735f3b6510 code [0x000002735f3b6e20, 0x000002735f3babc8]
Event: 9.073 Thread 0x0000027374a28800 2474       3       jdk.internal.org.objectweb.asm.AnnotationWriter::put (109 bytes)
Event: 9.074 Thread 0x0000027374a28800 nmethod 2474 0x000002735f3bc410 code [0x000002735f3bc620, 0x000002735f3bca58]
Event: 9.141 Thread 0x0000027374a28800 2476       3       jdk.internal.org.objectweb.asm.MethodVisitor::visitFieldInsn (20 bytes)
Event: 9.141 Thread 0x0000027374a28800 nmethod 2476 0x000002735f3bcc90 code [0x000002735f3bce40, 0x000002735f3bd028]
Event: 9.146 Thread 0x0000027374a28800 2477       3       com.google.common.base.MoreObjects::firstNonNull (22 bytes)
Event: 9.147 Thread 0x0000027374a28800 nmethod 2477 0x000002735f3bd110 code [0x000002735f3bd2e0, 0x000002735f3bd508]
Event: 9.177 Thread 0x0000027374a28800 2478       3       java.util.regex.Pattern$Slice::<init> (6 bytes)
Event: 9.178 Thread 0x0000027374a28800 nmethod 2478 0x000002735f3bd610 code [0x000002735f3bd7e0, 0x000002735f3bdab8]
Event: 9.178 Thread 0x0000027374a28800 2479       3       java.util.regex.Pattern$SliceNode::<init> (10 bytes)
Event: 9.178 Thread 0x0000027374a28800 nmethod 2479 0x000002735f3bdc10 code [0x000002735f3bdde0, 0x000002735f3be058]
Event: 9.185 Thread 0x0000027374a28800 2481       3       jdk.internal.org.objectweb.asm.ClassWriter::visitField (16 bytes)
Event: 9.185 Thread 0x0000027374a28800 nmethod 2481 0x000002735f3be110 code [0x000002735f3be2c0, 0x000002735f3be488]
Event: 9.186 Thread 0x0000027374a28800 2482       3       jdk.internal.org.objectweb.asm.FieldWriter::<init> (97 bytes)
Event: 9.186 Thread 0x0000027374a28800 nmethod 2482 0x000002735f3be590 code [0x000002735f3be7c0, 0x000002735f3bed48]
Event: 9.198 Thread 0x0000027374a28800 2483       3       java.lang.invoke.Invokers::checkCustomized (23 bytes)
Event: 9.198 Thread 0x0000027374a28800 nmethod 2483 0x000002735f3bef90 code [0x000002735f3bf160, 0x000002735f3bf328]

GC Heap History (12 events):
Event: 0.687 GC heap before
{Heap before GC invocations=0 (full 0):
 garbage-first heap   total 131072K, used 20480K [0x0000000080000000, 0x0000000100000000)
  region size 1024K, 14 young (14336K), 0 survivors (0K)
 Metaspace       used 6748K, capacity 6989K, committed 7168K, reserved 1056768K
  class space    used 572K, capacity 650K, committed 768K, reserved 1048576K
}
Event: 0.693 GC heap after
{Heap after GC invocations=1 (full 0):
 garbage-first heap   total 131072K, used 8108K [0x0000000080000000, 0x0000000100000000)
  region size 1024K, 2 young (2048K), 2 survivors (2048K)
 Metaspace       used 6748K, capacity 6989K, committed 7168K, reserved 1056768K
  class space    used 572K, capacity 650K, committed 768K, reserved 1048576K
}
Event: 1.524 GC heap before
{Heap before GC invocations=1 (full 0):
 garbage-first heap   total 131072K, used 19372K [0x0000000080000000, 0x0000000100000000)
  region size 1024K, 13 young (13312K), 2 survivors (2048K)
 Metaspace       used 9813K, capacity 10022K, committed 10112K, reserved 1058816K
  class space    used 1002K, capacity 1070K, committed 1152K, reserved 1048576K
}
Event: 1.533 GC heap after
{Heap after GC invocations=2 (full 0):
 garbage-first heap   total 131072K, used 9849K [0x0000000080000000, 0x0000000100000000)
  region size 1024K, 2 young (2048K), 2 survivors (2048K)
 Metaspace       used 9813K, capacity 10022K, committed 10112K, reserved 1058816K
  class space    used 1002K, capacity 1070K, committed 1152K, reserved 1048576K
}
Event: 2.466 GC heap before
{Heap before GC invocations=2 (full 0):
 garbage-first heap   total 131072K, used 38521K [0x0000000080000000, 0x0000000100000000)
  region size 1024K, 30 young (30720K), 2 survivors (2048K)
 Metaspace       used 10742K, capacity 10943K, committed 11264K, reserved 1058816K
  class space    used 1102K, capacity 1206K, committed 1280K, reserved 1048576K
}
Event: 2.471 GC heap after
{Heap after GC invocations=3 (full 0):
 garbage-first heap   total 131072K, used 11950K [0x0000000080000000, 0x0000000100000000)
  region size 1024K, 3 young (3072K), 3 survivors (3072K)
 Metaspace       used 10742K, capacity 10943K, committed 11264K, reserved 1058816K
  class space    used 1102K, capacity 1206K, committed 1280K, reserved 1048576K
}
Event: 5.703 GC heap before
{Heap before GC invocations=3 (full 0):
 garbage-first heap   total 131072K, used 53934K [0x0000000080000000, 0x0000000100000000)
  region size 1024K, 45 young (46080K), 3 survivors (3072K)
 Metaspace       used 17647K, capacity 18089K, committed 18432K, reserved 1064960K
  class space    used 2038K, capacity 2183K, committed 2304K, reserved 1048576K
}
Event: 5.713 GC heap after
{Heap after GC invocations=4 (full 0):
 garbage-first heap   total 131072K, used 16517K [0x0000000080000000, 0x0000000100000000)
  region size 1024K, 6 young (6144K), 6 survivors (6144K)
 Metaspace       used 17647K, capacity 18089K, committed 18432K, reserved 1064960K
  class space    used 2038K, capacity 2183K, committed 2304K, reserved 1048576K
}
Event: 6.191 GC heap before
{Heap before GC invocations=4 (full 0):
 garbage-first heap   total 131072K, used 42117K [0x0000000080000000, 0x0000000100000000)
  region size 1024K, 32 young (32768K), 6 survivors (6144K)
 Metaspace       used 20690K, capacity 21207K, committed 21296K, reserved 1069056K
  class space    used 2492K, capacity 2675K, committed 2688K, reserved 1048576K
}
Event: 6.202 GC heap after
{Heap after GC invocations=5 (full 0):
 garbage-first heap   total 131072K, used 17408K [0x0000000080000000, 0x0000000100000000)
  region size 1024K, 5 young (5120K), 5 survivors (5120K)
 Metaspace       used 20690K, capacity 21207K, committed 21296K, reserved 1069056K
  class space    used 2492K, capacity 2675K, committed 2688K, reserved 1048576K
}
Event: 7.946 GC heap before
{Heap before GC invocations=6 (full 0):
 garbage-first heap   total 131072K, used 68608K [0x0000000080000000, 0x0000000100000000)
  region size 1024K, 55 young (56320K), 5 survivors (5120K)
 Metaspace       used 25884K, capacity 26507K, committed 26620K, reserved 1073152K
  class space    used 3342K, capacity 3574K, committed 3660K, reserved 1048576K
}
Event: 7.958 GC heap after
{Heap after GC invocations=7 (full 0):
 garbage-first heap   total 131072K, used 19526K [0x0000000080000000, 0x0000000100000000)
  region size 1024K, 3 young (3072K), 3 survivors (3072K)
 Metaspace       used 25884K, capacity 26507K, committed 26620K, reserved 1073152K
  class space    used 3342K, capacity 3574K, committed 3660K, reserved 1048576K
}

Deoptimization events (20 events):
Event: 8.094 Thread 0x000002737662b000 DEOPT PACKING pc=0x00000273664fc6a0 sp=0x00000086e44f8250
Event: 8.094 Thread 0x000002737662b000 DEOPT UNPACKING pc=0x000002735e95a1af sp=0x00000086e44f81a8 mode 2
Event: 8.125 Thread 0x000002737662b000 DEOPT PACKING pc=0x000002735f1b735a sp=0x00000086e44f5f10
Event: 8.125 Thread 0x000002737662b000 DEOPT UNPACKING pc=0x000002735e95a95e sp=0x00000086e44f5398 mode 0
Event: 8.149 Thread 0x000002737662b000 Uncommon trap: trap_request=0xffffff4d fr.pc=0x0000027366466980 relative=0x0000000000001ba0
Event: 8.149 Thread 0x000002737662b000 Uncommon trap: reason=unstable_if action=reinterpret pc=0x0000027366466980 method=java.util.zip.ZipFile$Source.initCEN(ILjava/util/zip/ZipCoder;)V @ 621 c2
Event: 8.149 Thread 0x000002737662b000 DEOPT PACKING pc=0x0000027366466980 sp=0x00000086e44f5f50
Event: 8.149 Thread 0x000002737662b000 DEOPT UNPACKING pc=0x000002735e95a1af sp=0x00000086e44f5f38 mode 2
Event: 8.149 Thread 0x000002737662b000 DEOPT PACKING pc=0x000002735ef63d9b sp=0x00000086e44f6260
Event: 8.150 Thread 0x000002737662b000 DEOPT UNPACKING pc=0x000002735e95a95e sp=0x00000086e44f57a0 mode 0
Event: 8.197 Thread 0x000002737662b000 DEOPT PACKING pc=0x000002735f1ad849 sp=0x00000086e44fa2e0
Event: 8.197 Thread 0x000002737662b000 DEOPT UNPACKING pc=0x000002735e95a95e sp=0x00000086e44f9758 mode 0
Event: 8.249 Thread 0x000002737662b000 DEOPT PACKING pc=0x000002735f36dd84 sp=0x00000086e44f4e40
Event: 8.249 Thread 0x000002737662b000 DEOPT UNPACKING pc=0x000002735e95a95e sp=0x00000086e44f4430 mode 0
Event: 8.378 Thread 0x000002737662b000 DEOPT PACKING pc=0x000002735f36dd84 sp=0x00000086e44f4e70
Event: 8.378 Thread 0x000002737662b000 DEOPT UNPACKING pc=0x000002735e95a95e sp=0x00000086e44f4460 mode 0
Event: 8.575 Thread 0x000002737662b000 DEOPT PACKING pc=0x000002735f36dd84 sp=0x00000086e44f3a00
Event: 8.575 Thread 0x000002737662b000 DEOPT UNPACKING pc=0x000002735e95a95e sp=0x00000086e44f2ff0 mode 0
Event: 8.634 Thread 0x000002737662b000 DEOPT PACKING pc=0x000002735f36dd84 sp=0x00000086e44f3a00
Event: 8.634 Thread 0x000002737662b000 DEOPT UNPACKING pc=0x000002735e95a95e sp=0x00000086e44f2ff0 mode 0

Classes redefined (0 events):
No events

Internal exceptions (20 events):
Event: 8.695 Thread 0x000002737662b000 Exception <a 'java/lang/NoSuchMethodError'{0x00000000876a0c58}: <clinit>> (0x00000000876a0c58) thrown at [./src/hotspot/share/prims/jni.cpp, line 1366]
Event: 8.697 Thread 0x000002737662b000 Exception <a 'java/lang/NoSuchMethodError'{0x00000000876b32f8}: <clinit>> (0x00000000876b32f8) thrown at [./src/hotspot/share/prims/jni.cpp, line 1366]
Event: 8.713 Thread 0x000002737662b000 Exception <a 'java/lang/NoSuchMethodError'{0x00000000875365d0}: <clinit>> (0x00000000875365d0) thrown at [./src/hotspot/share/prims/jni.cpp, line 1366]
Event: 8.713 Thread 0x000002737662b000 Exception <a 'java/lang/NoSuchMethodError'{0x0000000087540420}: <clinit>> (0x0000000087540420) thrown at [./src/hotspot/share/prims/jni.cpp, line 1366]
Event: 8.715 Thread 0x000002737662b000 Exception <a 'java/lang/NoSuchMethodError'{0x0000000087549b98}: <clinit>> (0x0000000087549b98) thrown at [./src/hotspot/share/prims/jni.cpp, line 1366]
Event: 8.716 Thread 0x000002737662b000 Exception <a 'java/lang/NoSuchMethodError'{0x00000000875534b8}: <clinit>> (0x00000000875534b8) thrown at [./src/hotspot/share/prims/jni.cpp, line 1366]
Event: 8.737 Thread 0x000002737662b000 Exception <a 'java/lang/NoSuchMethodError'{0x00000000875fab60}: <clinit>> (0x00000000875fab60) thrown at [./src/hotspot/share/prims/jni.cpp, line 1366]
Event: 8.737 Thread 0x000002737662b000 Exception <a 'java/lang/NoSuchMethodError'{0x00000000875fd598}: <clinit>> (0x00000000875fd598) thrown at [./src/hotspot/share/prims/jni.cpp, line 1366]
Event: 8.737 Thread 0x000002737662b000 Exception <a 'java/lang/NoSuchMethodError'{0x00000000875feba0}: <clinit>> (0x00000000875feba0) thrown at [./src/hotspot/share/prims/jni.cpp, line 1366]
Event: 8.738 Thread 0x000002737662b000 Exception <a 'java/lang/NoSuchMethodError'{0x0000000087400380}: <clinit>> (0x0000000087400380) thrown at [./src/hotspot/share/prims/jni.cpp, line 1366]
Event: 8.738 Thread 0x000002737662b000 Exception <a 'java/lang/NoSuchMethodError'{0x0000000087401da0}: <clinit>> (0x0000000087401da0) thrown at [./src/hotspot/share/prims/jni.cpp, line 1366]
Event: 8.738 Thread 0x000002737662b000 Exception <a 'java/lang/NoSuchMethodError'{0x0000000087403438}: <clinit>> (0x0000000087403438) thrown at [./src/hotspot/share/prims/jni.cpp, line 1366]
Event: 8.738 Thread 0x000002737662b000 Exception <a 'java/lang/NoSuchMethodError'{0x0000000087404970}: <clinit>> (0x0000000087404970) thrown at [./src/hotspot/share/prims/jni.cpp, line 1366]
Event: 9.007 Thread 0x000002737662b000 Exception <a 'java/lang/NoSuchMethodError'{0x0000000086aaa428}: 'java.lang.Object java.lang.invoke.DirectMethodHandle$Holder.invokeSpecialIFC(java.lang.Object, java.lang.Object, java.lang.Object, java.lang.Object)'> (0x0000000086aaa428) thrown at [./src/hotspot/share/interpreter/linkResolver.cpp, line 773]
Event: 9.028 Thread 0x000002737662b000 Exception <a 'java/lang/NoSuchMethodError'{0x00000000869892e8}: 'java.lang.Object java.lang.invoke.DirectMethodHandle$Holder.invokeSpecial(java.lang.Object, java.lang.Object, java.lang.Object, java.lang.Object, java.lang.Object, java.lang.Object, java.lang.Object, java.lang.Object, java.lang.Object, java.lang.Object, java.lang.Object, java.lang.Object, java.lang.Object)'> (0x00000000869892e8) thrown at [./src/hotspot/share/interpreter/linkResolver.cpp, line 773]
Event: 9.030 Thread 0x000002737662b000 Exception <a 'java/lang/NoSuchMethodError'{0x000000008699a570}: 'java.lang.Object java.lang.invoke.DirectMethodHandle$Holder.invokeSpecial(java.lang.Object, java.lang.Object, java.lang.Object, java.lang.Object, java.lang.Object, java.lang.Object, java.lang.Object, java.lang.Object, java.lang.Object, java.lang.Object, java.lang.Object, java.lang.Object)'> (0x000000008699a570) thrown at [./src/hotspot/share/interpreter/linkResolver.cpp, line 773]
Event: 9.031 Thread 0x000002737662b000 Exception <a 'java/lang/NoSuchMethodError'{0x000000008699f698}: 'java.lang.Object java.lang.invoke.Invokers$Holder.linkToTargetMethod(java.lang.Object, java.lang.Object, java.lang.Object, java.lang.Object, java.lang.Object, java.lang.Object, java.lang.Object, java.lang.Object, java.lang.Object, java.lang.Object, java.lang.Object)'> (0x000000008699f698) thrown at [./src/hotspot/share/interpreter/linkResolver.cpp, line 773]
Event: 9.060 Thread 0x000002737662b000 Exception <a 'java/lang/NoSuchMethodError'{0x00000000868e7fa8}: 'java.lang.Object java.lang.invoke.DirectMethodHandle$Holder.invokeSpecial(java.lang.Object, java.lang.Object, java.lang.Object, java.lang.Object, java.lang.Object, java.lang.Object, java.lang.Object, java.lang.Object, java.lang.Object, java.lang.Object, java.lang.Object, java.lang.Object, java.lang.Object, java.lang.Object)'> (0x00000000868e7fa8) thrown at [./src/hotspot/share/interpreter/linkResolver.cpp, line 773]
Event: 9.062 Thread 0x000002737662b000 Exception <a 'java/lang/NoSuchMethodError'{0x00000000868f95a0}: 'java.lang.Object java.lang.invoke.Invokers$Holder.linkToTargetMethod(java.lang.Object, java.lang.Object, java.lang.Object, java.lang.Object, java.lang.Object, java.lang.Object, java.lang.Object, java.lang.Object, java.lang.Object, java.lang.Object, java.lang.Object, java.lang.Object)'> (0x00000000868f95a0) thrown at [./src/hotspot/share/interpreter/linkResolver.cpp, line 773]
Event: 9.077 Thread 0x000002737662b000 Exception <a 'java/lang/NoSuchMethodError'{0x000000008678a568}: 'java.lang.Object java.lang.invoke.DirectMethodHandle$Holder.invokeStaticInit(java.lang.Object, java.lang.Object, java.lang.Object, java.lang.Object)'> (0x000000008678a568) thrown at [./src/hotspot/share/interpreter/linkResolver.cpp, line 773]

Events (20 events):
Event: 9.224 loading class org/gradle/api/execution/TaskExecutionGraph
Event: 9.224 loading class org/gradle/api/execution/TaskExecutionGraph done
Event: 9.224 loading class org/gradle/api/internal/provider/DefaultConfigurationTimeBarrier
Event: 9.224 loading class org/gradle/api/internal/provider/DefaultConfigurationTimeBarrier done
Event: 9.225 loading class org/gradle/api/internal/provider/DefaultValueSourceProviderFactory
Event: 9.225 loading class org/gradle/api/internal/provider/DefaultValueSourceProviderFactory done
Event: 9.226 loading class org/gradle/api/internal/provider/ValueSourceProviderFactory$Listener$ObtainedValue
Event: 9.226 loading class org/gradle/api/internal/provider/ValueSourceProviderFactory$Listener$ObtainedValue done
Event: 9.227 loading class org/gradle/internal/isolated/IsolationScheme
Event: 9.227 loading class org/gradle/internal/isolated/IsolationScheme done
Event: 9.228 loading class org/gradle/api/provider/ValueSource
Event: 9.228 loading class org/gradle/api/provider/ValueSource done
Event: 9.229 loading class org/gradle/api/provider/ValueSourceParameters
Event: 9.229 loading class org/gradle/api/provider/ValueSourceParameters done
Event: 9.229 loading class org/gradle/api/provider/ValueSourceParameters$None
Event: 9.229 loading class org/gradle/api/provider/ValueSourceParameters$None done
Event: 9.230 loading class org/gradle/api/internal/provider/ValueSourceProviderFactory$Listener
Event: 9.230 loading class org/gradle/api/internal/provider/ValueSourceProviderFactory$Listener done
Event: 9.231 loading class org/gradle/api/internal/provider/DefaultProviderFactory
Event: 9.231 loading class org/gradle/api/internal/provider/DefaultProviderFactory done


Dynamic libraries:
0x00007ff6d7280000 - 0x00007ff6d728a000 	D:\apps\Android Studio\jre\bin\java.exe
0x00007ffe30290000 - 0x00007ffe304a4000 	C:\WINDOWS\SYSTEM32\ntdll.dll
0x00007ffe2ef70000 - 0x00007ffe2f033000 	C:\WINDOWS\System32\KERNEL32.DLL
0x00007ffe2d6a0000 - 0x00007ffe2da3c000 	C:\WINDOWS\System32\KERNELBASE.dll
0x00007ffe2df50000 - 0x00007ffe2e061000 	C:\WINDOWS\System32\ucrtbase.dll
0x00007ffe18260000 - 0x00007ffe18279000 	D:\apps\Android Studio\jre\bin\jli.dll
0x00007ffe18e60000 - 0x00007ffe18e77000 	D:\apps\Android Studio\jre\bin\VCRUNTIME140.dll
0x00007ffe2eb80000 - 0x00007ffe2ed2d000 	C:\WINDOWS\System32\USER32.dll
0x00007ffe163b0000 - 0x00007ffe1663e000 	C:\WINDOWS\WinSxS\amd64_microsoft.windows.common-controls_6595b64144ccf1df_6.0.22621.608_none_a9444ca7c10bb01d\COMCTL32.dll
0x00007ffe2df20000 - 0x00007ffe2df46000 	C:\WINDOWS\System32\win32u.dll
0x00007ffe2fb60000 - 0x00007ffe2fc07000 	C:\WINDOWS\System32\msvcrt.dll
0x00007ffe2fd70000 - 0x00007ffe2fd99000 	C:\WINDOWS\System32\GDI32.dll
0x00007ffe2da40000 - 0x00007ffe2db52000 	C:\WINDOWS\System32\gdi32full.dll
0x00007ffe2dc20000 - 0x00007ffe2dcba000 	C:\WINDOWS\System32\msvcp_win.dll
0x00007ffe301e0000 - 0x00007ffe30212000 	C:\WINDOWS\System32\IMM32.DLL
0x00007ffe10450000 - 0x00007ffe104ed000 	D:\apps\Android Studio\jre\bin\msvcp140.dll
0x00007ffde0ca0000 - 0x00007ffde17a2000 	D:\apps\Android Studio\jre\bin\server\jvm.dll
0x00007ffe2e820000 - 0x00007ffe2e8ce000 	C:\WINDOWS\System32\ADVAPI32.dll
0x00007ffe2e8d0000 - 0x00007ffe2e974000 	C:\WINDOWS\System32\sechost.dll
0x00007ffe2e700000 - 0x00007ffe2e815000 	C:\WINDOWS\System32\RPCRT4.dll
0x00007ffe2f360000 - 0x00007ffe2f368000 	C:\WINDOWS\System32\PSAPI.DLL
0x00007ffe19440000 - 0x00007ffe19449000 	C:\WINDOWS\SYSTEM32\WSOCK32.dll
0x00007ffe25950000 - 0x00007ffe25984000 	C:\WINDOWS\SYSTEM32\WINMM.dll
0x00007ffe2ed30000 - 0x00007ffe2eda1000 	C:\WINDOWS\System32\WS2_32.dll
0x00007ffe2b490000 - 0x00007ffe2b49a000 	C:\WINDOWS\SYSTEM32\VERSION.dll
0x00007ffe2c7e0000 - 0x00007ffe2c7f8000 	C:\WINDOWS\SYSTEM32\kernel.appcore.dll
0x00007ffe25e90000 - 0x00007ffe25ea1000 	D:\apps\Android Studio\jre\bin\verify.dll
0x00007ffe268e0000 - 0x00007ffe26b0e000 	C:\WINDOWS\SYSTEM32\DBGHELP.DLL
0x00007ffe2fda0000 - 0x00007ffe3012a000 	C:\WINDOWS\System32\combase.dll
0x00007ffe2f1b0000 - 0x00007ffe2f287000 	C:\WINDOWS\System32\OLEAUT32.dll
0x00007ffe26860000 - 0x00007ffe26892000 	C:\WINDOWS\SYSTEM32\dbgcore.DLL
0x00007ffe2de30000 - 0x00007ffe2deab000 	C:\WINDOWS\System32\bcryptPrimitives.dll
0x00007ffe1e6a0000 - 0x00007ffe1e6c9000 	D:\apps\Android Studio\jre\bin\java.dll
0x00007ffe2b300000 - 0x00007ffe2b30b000 	D:\apps\Android Studio\jre\bin\jimage.dll
0x00007ffe25910000 - 0x00007ffe25928000 	D:\apps\Android Studio\jre\bin\zip.dll
0x00007ffe2f370000 - 0x00007ffe2fb5f000 	C:\WINDOWS\System32\SHELL32.dll
0x00007ffe2b6d0000 - 0x00007ffe2bf98000 	C:\WINDOWS\SYSTEM32\windows.storage.dll
0x00007ffe2b590000 - 0x00007ffe2b6ce000 	C:\WINDOWS\SYSTEM32\wintypes.dll
0x00007ffe2f050000 - 0x00007ffe2f141000 	C:\WINDOWS\System32\SHCORE.dll
0x00007ffe2e6a0000 - 0x00007ffe2e6fe000 	C:\WINDOWS\System32\shlwapi.dll
0x00007ffe2d5d0000 - 0x00007ffe2d5f1000 	C:\WINDOWS\SYSTEM32\profapi.dll
0x00007ffe1e680000 - 0x00007ffe1e69a000 	D:\apps\Android Studio\jre\bin\net.dll
0x00007ffe27850000 - 0x00007ffe2797f000 	C:\WINDOWS\SYSTEM32\WINHTTP.dll
0x00007ffe2cc50000 - 0x00007ffe2ccb9000 	C:\WINDOWS\system32\mswsock.dll
0x00007ffe1e660000 - 0x00007ffe1e674000 	D:\apps\Android Studio\jre\bin\nio.dll
0x00007ffe22550000 - 0x00007ffe22577000 	D:\eigenfaces\FinalVersion\.gradle\native\8bec1ad78214c89d9ad589b4d07fe93259594b29d510b10fafb7a158f7737e5d\windows-amd64\native-platform.dll
0x00007ffe1e220000 - 0x00007ffe1e35d000 	D:\eigenfaces\FinalVersion\.gradle\native\53dbd7edfb1c66fb8903c78663c9afc45aea4f116125fa6feffd364cf09443e8\windows-amd64\native-platform-file-events.dll
0x00007ffe28700000 - 0x00007ffe2870a000 	D:\apps\Android Studio\jre\bin\management.dll
0x00007ffe285e0000 - 0x00007ffe285ed000 	D:\apps\Android Studio\jre\bin\management_ext.dll
0x00007ffe2ceb0000 - 0x00007ffe2cecb000 	C:\WINDOWS\SYSTEM32\CRYPTSP.dll
0x00007ffe2c750000 - 0x00007ffe2c785000 	C:\WINDOWS\system32\rsaenh.dll
0x00007ffe2cd40000 - 0x00007ffe2cd68000 	C:\WINDOWS\SYSTEM32\USERENV.dll
0x00007ffe2d040000 - 0x00007ffe2d068000 	C:\WINDOWS\SYSTEM32\bcrypt.dll
0x00007ffe2cea0000 - 0x00007ffe2ceac000 	C:\WINDOWS\SYSTEM32\CRYPTBASE.dll
0x00007ffe2c260000 - 0x00007ffe2c28d000 	C:\WINDOWS\SYSTEM32\IPHLPAPI.DLL
0x00007ffe2edb0000 - 0x00007ffe2edb9000 	C:\WINDOWS\System32\NSI.dll
0x00007ffe27830000 - 0x00007ffe27849000 	C:\WINDOWS\SYSTEM32\dhcpcsvc6.DLL
0x00007ffe27810000 - 0x00007ffe2782f000 	C:\WINDOWS\SYSTEM32\dhcpcsvc.DLL
0x00007ffe2c2d0000 - 0x00007ffe2c3c3000 	C:\WINDOWS\SYSTEM32\DNSAPI.dll

dbghelp: loaded successfully - version: 4.0.5 - missing functions: none
symbol engine: initialized successfully - sym options: 0x614 - pdb path: .;D:\apps\Android Studio\jre\bin;C:\WINDOWS\SYSTEM32;C:\WINDOWS\WinSxS\amd64_microsoft.windows.common-controls_6595b64144ccf1df_6.0.22621.608_none_a9444ca7c10bb01d;D:\apps\Android Studio\jre\bin\server;D:\eigenfaces\FinalVersion\.gradle\native\8bec1ad78214c89d9ad589b4d07fe93259594b29d510b10fafb7a158f7737e5d\windows-amd64;D:\eigenfaces\FinalVersion\.gradle\native\53dbd7edfb1c66fb8903c78663c9afc45aea4f116125fa6feffd364cf09443e8\windows-amd64

VM Arguments:
jvm_args: --add-opens=java.base/java.util=ALL-UNNAMED --add-opens=java.base/java.lang=ALL-UNNAMED --add-opens=java.base/java.lang.invoke=ALL-UNNAMED --add-opens=java.base/java.util=ALL-UNNAMED --add-opens=java.prefs/java.util.prefs=ALL-UNNAMED --add-opens=java.prefs/java.util.prefs=ALL-UNNAMED --add-opens=java.base/java.nio.charset=ALL-UNNAMED --add-opens=java.base/java.net=ALL-UNNAMED --add-opens=java.base/java.util.concurrent.atomic=ALL-UNNAMED -Xmx2048m -Dfile.encoding=UTF-8 -Duser.country=US -Duser.language=en -Duser.variant 
java_command: org.gradle.launcher.daemon.bootstrap.GradleDaemon 7.0.2
java_class_path (initial): D:\eigenfaces\FinalVersion\.gradle\wrapper\dists\gradle-7.0.2-bin\857tjihv64xamwrf0h14cai3r\gradle-7.0.2\lib\gradle-launcher-7.0.2.jar
Launcher Type: SUN_STANDARD

[Global flags]
     intx CICompilerCount                          = 3                                         {product} {ergonomic}
     uint ConcGCThreads                            = 1                                         {product} {ergonomic}
     uint G1ConcRefinementThreads                  = 4                                         {product} {ergonomic}
   size_t G1HeapRegionSize                         = 1048576                                   {product} {ergonomic}
    uintx GCDrainStackTargetSize                   = 64                                        {product} {ergonomic}
   size_t InitialHeapSize                          = 134217728                                 {product} {ergonomic}
   size_t MarkStackSize                            = 4194304                                   {product} {ergonomic}
   size_t MaxHeapSize                              = 2147483648                                {product} {command line}
   size_t MaxNewSize                               = 1287651328                                {product} {ergonomic}
   size_t MinHeapDeltaBytes                        = 1048576                                   {product} {ergonomic}
    uintx NonNMethodCodeHeapSize                   = 5830732                                {pd product} {ergonomic}
    uintx NonProfiledCodeHeapSize                  = 122913754                              {pd product} {ergonomic}
    uintx ProfiledCodeHeapSize                     = 122913754                              {pd product} {ergonomic}
    uintx ReservedCodeCacheSize                    = 251658240                              {pd product} {ergonomic}
     bool SegmentedCodeCache                       = true                                      {product} {ergonomic}
     bool UseCompressedClassPointers               = true                                 {lp64_product} {ergonomic}
     bool UseCompressedOops                        = true                                 {lp64_product} {ergonomic}
     bool UseG1GC                                  = true                                      {product} {ergonomic}
     bool UseLargePagesIndividualAllocation        = false                                  {pd product} {ergonomic}

Logging:
Log output configuration:
 #0: stdout all=warning uptime,level,tags
 #1: stderr all=off uptime,level,tags

Environment Variables:
JAVA_HOME=C:\Program Files\Java\jdk-19
PATH=C:\WINDOWS\system32;C:\WINDOWS;C:\WINDOWS\System32\Wbem;C:\WINDOWS\System32\WindowsPowerShell\v1.0\;C:\WINDOWS\System32\OpenSSH\;C:\Program Files (x86)\dotnet\;C:\Program Files\Git\cmd;C:\Program Files\Java\jre7\bin;C:\Program Files\Java\jdk-19\bin;C:\Program Files\gradle-7.5.1\bin;C:\Program Files\dotnet\;C:\Users\Kimani Muchemi\Downloads\Compressed\scrcpy-win64-v1.25\scrcpy-win64-v1.25;C:\Users\Kimani Muchemi\AppData\Local\Microsoft\WindowsApps;D:\apps\flutter\bin;C:\Program Files\Azure Data Studio\bin;C:\Program Files\Azure Data Studio\bin;D:\apps\Microsoft VS Code\bin;
USERNAME=Kimani Muchemi
OS=Windows_NT
PROCESSOR_IDENTIFIER=Intel64 Family 6 Model 61 Stepping 4, GenuineIntel



---------------  S Y S T E M  ---------------

OS: Windows 11 , 64 bit Build 22621 (10.0.22621.1194)
OS uptime: 4 days 8:09 hours

CPU:total 4 (initial active 4) (2 cores per cpu, 2 threads per core) family 6 model 61 stepping 4 microcode 0x2f, cmov, cx8, fxsr, mmx, sse, sse2, sse3, ssse3, sse4.1, sse4.2, popcnt, avx, avx2, aes, clmul, erms, rtm, 3dnowpref, lzcnt, ht, tsc, tscinvbit, bmi1, bmi2, adx, fma

Memory: 4k page, system-wide physical 8066M (428M free)
TotalPageFile size 9666M (AvailPageFile size 1M)
current process WorkingSet (physical memory assigned to process): 226M, peak: 226M
current process commit charge ("private bytes"): 294M, peak: 298M

vm_info: OpenJDK 64-Bit Server VM (11.0.13+0-b1751.21-8125866) for windows-amd64 JRE (11.0.13+0-b1751.21-8125866), built on Feb  2 2022 03:00:22 by "builder" with MS VC++ 14.0 (VS2015)

END.
